Número de threads: 7
Comprimindo AAAA.txt
Arquivo de entrada (1024 bytes):
 A    A    A    A    A    A    A    A    A    A    A    A    A    A    A    A   
 A    A    A    A    A    A    A    A    A    A    A    A    A    A    A    A   
 A    A    A    A    A    A    A    A    A    A    A    A    A    A    A    A   
 A    A    A    A    A    A    A    A    A    A    A    A    A    A    A    A   
 A    A    A    A    A    A    A    A    A    A    A    A    A    A    A    A   
 A    A    A    A    A    A    A    A    A    A    A    A    A    A    A    A   
 A    A    A    A    A    A    A    A    A    A    A    A    A    A    A    A   
 A    A    A    A    A    A    A    A    A    A    A    A    A    A    A    A   
 A    A    A    A    A    A    A    A    A    A    A    A    A    A    A    A   
 A    A    A    A    A    A    A    A    A    A    A    A    A    A    A    A   
 A    A    A    A    A    A    A    A    A    A    A    A    A    A    A    A   
 A    A    A    A    A    A    A    A    A    A    A    A    A    A    A    A   
 A    A    A    A    A    A    A    A    A    A    A    A    A    A    A    A   
 A    A    A    A    A    A    A    A    A    A    A    A    A    A    A    A   
 A    A    A    A    A    A    A    A    A    A    A    A    A    A    A    A   
 A    A    A    A    A    A    A    A    A    A    A    A    A    A    A    A   
 A    A    A    A    A    A    A    A    A    A    A    A    A    A    A    A   
 A    A    A    A    A    A    A    A    A    A    A    A    A    A    A    A   
 A    A    A    A    A    A    A    A    A    A    A    A    A    A    A    A   
 A    A    A    A    A    A    A    A    A    A    A    A    A    A    A    A   
 A    A    A    A    A    A    A    A    A    A    A    A    A    A    A    A   
 A    A    A    A    A    A    A    A    A    A    A    A    A    A    A    A   
 A    A    A    A    A    A    A    A    A    A    A    A    A    A    A    A   
 A    A    A    A    A    A    A    A    A    A    A    A    A    A    A    A   
 A    A    A    A    A    A    A    A    A    A    A    A    A    A    A    A   
 A    A    A    A    A    A    A    A    A    A    A    A    A    A    A    A   
 A    A    A    A    A    A    A    A    A    A    A    A    A    A    A    A   
 A    A    A    A    A    A    A    A    A    A    A    A    A    A    A    A   
 A    A    A    A    A    A    A    A    A    A    A    A    A    A    A    A   
 A    A    A    A    A    A    A    A    A    A    A    A    A    A    A    A   
 A    A    A    A    A    A    A    A    A    A    A    A    A    A    A    A   
 A    A    A    A    A    A    A    A    A    A    A    A    A    A    A    A   
 A    A    A    A    A    A    A    A    A    A    A    A    A    A    A    A   
 A    A    A    A    A    A    A    A    A    A    A    A    A    A    A    A   
 A    A    A    A    A    A    A    A    A    A    A    A    A    A    A    A   
 A    A    A    A    A    A    A    A    A    A    A    A    A    A    A    A   
 A    A    A    A    A    A    A    A    A    A    A    A    A    A    A    A   
 A    A    A    A    A    A    A    A    A    A    A    A    A    A    A    A   
 A    A    A    A    A    A    A    A    A    A    A    A    A    A    A    A   
 A    A    A    A    A    A    A    A    A    A    A    A    A    A    A    A   
 A    A    A    A    A    A    A    A    A    A    A    A    A    A    A    A   
 A    A    A    A    A    A    A    A    A    A    A    A    A    A    A    A   
 A    A    A    A    A    A    A    A    A    A    A    A    A    A    A    A   
 A    A    A    A    A    A    A    A    A    A    A    A    A    A    A    A   
 A    A    A    A    A    A    A    A    A    A    A    A    A    A    A    A   
 A    A    A    A    A    A    A    A    A    A    A    A    A    A    A    A   
 A    A    A    A    A    A    A    A    A    A    A    A    A    A    A    A   
 A    A    A    A    A    A    A    A    A    A    A    A    A    A    A    A   
 A    A    A    A    A    A    A    A    A    A    A    A    A    A    A    A   
 A    A    A    A    A    A    A    A    A    A    A    A    A    A    A    A   
 A    A    A    A    A    A    A    A    A    A    A    A    A    A    A    A   
 A    A    A    A    A    A    A    A    A    A    A    A    A    A    A    A   
 A    A    A    A    A    A    A    A    A    A    A    A    A    A    A    A   
 A    A    A    A    A    A    A    A    A    A    A    A    A    A    A    A   
 A    A    A    A    A    A    A    A    A    A    A    A    A    A    A    A   
 A    A    A    A    A    A    A    A    A    A    A    A    A    A    A    A   
 A    A    A    A    A    A    A    A    A    A    A    A    A    A    A    A   
 A    A    A    A    A    A    A    A    A    A    A    A    A    A    A    A   
 A    A    A    A    A    A    A    A    A    A    A    A    A    A    A    A   
 A    A    A    A    A    A    A    A    A    A    A    A    A    A    A    A   
 A    A    A    A    A    A    A    A    A    A    A    A    A    A    A    A   
 A    A    A    A    A    A    A    A    A    A    A    A    A    A    A    A   
 A    A    A    A    A    A    A    A    A    A    A    A    A    A    A    A   
 A    A    A    A    A    A    A    A    A    A    A    A    A    A    A    A   


Par mais frequente: 'AA' frequencia 512
Substituindo par por 0x80
Apos substituir:
 0x80 0x80 0x80 0x80 0x80 0x80 0x80 0x80 0x80 0x80 0x80 0x80 0x80 0x80 0x80 0x80
 0x80 0x80 0x80 0x80 0x80 0x80 0x80 0x80 0x80 0x80 0x80 0x80 0x80 0x80 0x80 0x80
 0x80 0x80 0x80 0x80 0x80 0x80 0x80 0x80 0x80 0x80 0x80 0x80 0x80 0x80 0x80 0x80
 0x80 0x80 0x80 0x80 0x80 0x80 0x80 0x80 0x80 0x80 0x80 0x80 0x80 0x80 0x80 0x80
 0x80 0x80 0x80 0x80 0x80 0x80 0x80 0x80 0x80 0x80 0x80 0x80 0x80 0x80 0x80 0x80
 0x80 0x80 0x80 0x80 0x80 0x80 0x80 0x80 0x80 0x80 0x80 0x80 0x80 0x80 0x80 0x80
 0x80 0x80 0x80 0x80 0x80 0x80 0x80 0x80 0x80 0x80 0x80 0x80 0x80 0x80 0x80 0x80
 0x80 0x80 0x80 0x80 0x80 0x80 0x80 0x80 0x80 0x80 0x80 0x80 0x80 0x80 0x80 0x80
 0x80 0x80 0x80 0x80 0x80 0x80 0x80 0x80 0x80 0x80 0x80 0x80 0x80 0x80 0x80 0x80
 0x80 0x80 0x80 0x80 0x80 0x80 0x80 0x80 0x80 0x80 0x80 0x80 0x80 0x80 0x80 0x80
 0x80 0x80 0x80 0x80 0x80 0x80 0x80 0x80 0x80 0x80 0x80 0x80 0x80 0x80 0x80 0x80
 0x80 0x80 0x80 0x80 0x80 0x80 0x80 0x80 0x80 0x80 0x80 0x80 0x80 0x80 0x80 0x80
 0x80 0x80 0x80 0x80 0x80 0x80 0x80 0x80 0x80 0x80 0x80 0x80 0x80 0x80 0x80 0x80
 0x80 0x80 0x80 0x80 0x80 0x80 0x80 0x80 0x80 0x80 0x80 0x80 0x80 0x80 0x80 0x80
 0x80 0x80 0x80 0x80 0x80 0x80 0x80 0x80 0x80 0x80 0x80 0x80 0x80 0x80 0x80 0x80
 0x80 0x80 0x80 0x80 0x80 0x80 0x80 0x80 0x80 0x80 0x80 0x80 0x80 0x80 0x80 0x80
 0x80 0x80 0x80 0x80 0x80 0x80 0x80 0x80 0x80 0x80 0x80 0x80 0x80 0x80 0x80 0x80
 0x80 0x80 0x80 0x80 0x80 0x80 0x80 0x80 0x80 0x80 0x80 0x80 0x80 0x80 0x80 0x80
 0x80 0x80 0x80 0x80 0x80 0x80 0x80 0x80 0x80 0x80 0x80 0x80 0x80 0x80 0x80 0x80
 0x80 0x80 0x80 0x80 0x80 0x80 0x80 0x80 0x80 0x80 0x80 0x80 0x80 0x80 0x80 0x80
 0x80 0x80 0x80 0x80 0x80 0x80 0x80 0x80 0x80 0x80 0x80 0x80 0x80 0x80 0x80 0x80
 0x80 0x80 0x80 0x80 0x80 0x80 0x80 0x80 0x80 0x80 0x80 0x80 0x80 0x80 0x80 0x80
 0x80 0x80 0x80 0x80 0x80 0x80 0x80 0x80 0x80 0x80 0x80 0x80 0x80 0x80 0x80 0x80
 0x80 0x80 0x80 0x80 0x80 0x80 0x80 0x80 0x80 0x80 0x80 0x80 0x80 0x80 0x80 0x80
 0x80 0x80 0x80 0x80 0x80 0x80 0x80 0x80 0x80 0x80 0x80 0x80 0x80 0x80 0x80 0x80
 0x80 0x80 0x80 0x80 0x80 0x80 0x80 0x80 0x80 0x80 0x80 0x80 0x80 0x80 0x80 0x80
 0x80 0x80 0x80 0x80 0x80 0x80 0x80 0x80 0x80 0x80 0x80 0x80 0x80 0x80 0x80 0x80
 0x80 0x80 0x80 0x80 0x80 0x80 0x80 0x80 0x80 0x80 0x80 0x80 0x80 0x80 0x80 0x80
 0x80 0x80 0x80 0x80 0x80 0x80 0x80 0x80 0x80 0x80 0x80 0x80 0x80 0x80 0x80 0x80
 0x80 0x80 0x80 0x80 0x80 0x80 0x80 0x80 0x80 0x80 0x80 0x80 0x80 0x80 0x80 0x80
 0x80 0x80 0x80 0x80 0x80 0x80 0x80 0x80 0x80 0x80 0x80 0x80 0x80 0x80 0x80 0x80
 0x80 0x80 0x80 0x80 0x80 0x80 0x80 0x80 0x80 0x80 0x80 0x80 0x80 0x80 0x80 0x80


Par mais frequente: '<0x80><0x80>' frequencia 256
Substituindo par por 0x81
Apos substituir:
 0x81 0x81 0x81 0x81 0x81 0x81 0x81 0x81 0x81 0x81 0x81 0x81 0x81 0x81 0x81 0x81
 0x81 0x81 0x81 0x81 0x81 0x81 0x81 0x81 0x81 0x81 0x81 0x81 0x81 0x81 0x81 0x81
 0x81 0x81 0x81 0x81 0x81 0x81 0x81 0x81 0x81 0x81 0x81 0x81 0x81 0x81 0x81 0x81
 0x81 0x81 0x81 0x81 0x81 0x81 0x81 0x81 0x81 0x81 0x81 0x81 0x81 0x81 0x81 0x81
 0x81 0x81 0x81 0x81 0x81 0x81 0x81 0x81 0x81 0x81 0x81 0x81 0x81 0x81 0x81 0x81
 0x81 0x81 0x81 0x81 0x81 0x81 0x81 0x81 0x81 0x81 0x81 0x81 0x81 0x81 0x81 0x81
 0x81 0x81 0x81 0x81 0x81 0x81 0x81 0x81 0x81 0x81 0x81 0x81 0x81 0x81 0x81 0x81
 0x81 0x81 0x81 0x81 0x81 0x81 0x81 0x81 0x81 0x81 0x81 0x81 0x81 0x81 0x81 0x81
 0x81 0x81 0x81 0x81 0x81 0x81 0x81 0x81 0x81 0x81 0x81 0x81 0x81 0x81 0x81 0x81
 0x81 0x81 0x81 0x81 0x81 0x81 0x81 0x81 0x81 0x81 0x81 0x81 0x81 0x81 0x81 0x81
 0x81 0x81 0x81 0x81 0x81 0x81 0x81 0x81 0x81 0x81 0x81 0x81 0x81 0x81 0x81 0x81
 0x81 0x81 0x81 0x81 0x81 0x81 0x81 0x81 0x81 0x81 0x81 0x81 0x81 0x81 0x81 0x81
 0x81 0x81 0x81 0x81 0x81 0x81 0x81 0x81 0x81 0x81 0x81 0x81 0x81 0x81 0x81 0x81
 0x81 0x81 0x81 0x81 0x81 0x81 0x81 0x81 0x81 0x81 0x81 0x81 0x81 0x81 0x81 0x81
 0x81 0x81 0x81 0x81 0x81 0x81 0x81 0x81 0x81 0x81 0x81 0x81 0x81 0x81 0x81 0x81
 0x81 0x81 0x81 0x81 0x81 0x81 0x81 0x81 0x81 0x81 0x81 0x81 0x81 0x81 0x81 0x81


Par mais frequente: '<0x81><0x81>' frequencia 128
Substituindo par por 0x82
Apos substituir:
 0x82 0x82 0x82 0x82 0x82 0x82 0x82 0x82 0x82 0x82 0x82 0x82 0x82 0x82 0x82 0x82
 0x82 0x82 0x82 0x82 0x82 0x82 0x82 0x82 0x82 0x82 0x82 0x82 0x82 0x82 0x82 0x82
 0x82 0x82 0x82 0x82 0x82 0x82 0x82 0x82 0x82 0x82 0x82 0x82 0x82 0x82 0x82 0x82
 0x82 0x82 0x82 0x82 0x82 0x82 0x82 0x82 0x82 0x82 0x82 0x82 0x82 0x82 0x82 0x82
 0x82 0x82 0x82 0x82 0x82 0x82 0x82 0x82 0x82 0x82 0x82 0x82 0x82 0x82 0x82 0x82
 0x82 0x82 0x82 0x82 0x82 0x82 0x82 0x82 0x82 0x82 0x82 0x82 0x82 0x82 0x82 0x82
 0x82 0x82 0x82 0x82 0x82 0x82 0x82 0x82 0x82 0x82 0x82 0x82 0x82 0x82 0x82 0x82
 0x82 0x82 0x82 0x82 0x82 0x82 0x82 0x82 0x82 0x82 0x82 0x82 0x82 0x82 0x82 0x82


Par mais frequente: '<0x82><0x82>' frequencia 64
Substituindo par por 0x83
Apos substituir:
 0x83 0x83 0x83 0x83 0x83 0x83 0x83 0x83 0x83 0x83 0x83 0x83 0x83 0x83 0x83 0x83
 0x83 0x83 0x83 0x83 0x83 0x83 0x83 0x83 0x83 0x83 0x83 0x83 0x83 0x83 0x83 0x83
 0x83 0x83 0x83 0x83 0x83 0x83 0x83 0x83 0x83 0x83 0x83 0x83 0x83 0x83 0x83 0x83
 0x83 0x83 0x83 0x83 0x83 0x83 0x83 0x83 0x83 0x83 0x83 0x83 0x83 0x83 0x83 0x83


Par mais frequente: '<0x83><0x83>' frequencia 32
Substituindo par por 0x84
Apos substituir:
 0x84 0x84 0x84 0x84 0x84 0x84 0x84 0x84 0x84 0x84 0x84 0x84 0x84 0x84 0x84 0x84
 0x84 0x84 0x84 0x84 0x84 0x84 0x84 0x84 0x84 0x84 0x84 0x84 0x84 0x84 0x84 0x84


Par mais frequente: '<0x84><0x84>' frequencia 16
Substituindo par por 0x85
Apos substituir:
 0x85 0x85 0x85 0x85 0x85 0x85 0x85 0x85 0x85 0x85 0x85 0x85 0x85 0x85 0x85 0x85


Par mais frequente: '<0x85><0x85>' frequencia 8
Substituindo par por 0x86
Apos substituir:
 0x86 0x86 0x86 0x86 0x86 0x86 0x86 0x86

Par mais frequente: '<0x86><0x86>' frequencia 4
Substituindo par por 0x87
Apos substituir:
 0x87 0x87 0x87 0x87

Par mais frequente: '<0x87><0x87>' frequencia 2
Substituindo par por 0x88
Apos substituir:
 0x88 0x88

Par mais frequente: '<0x88><0x88>' frequencia 1
Total de pares substituidos: 9
FIM
