Número de threads: 5
Comprimindo love.txt
Arquivo de entrada (663 bytes):
 A    d    o    r    o         e    s    c    r    e    v    e    r         p   
 r    o    g    r    a    m    a    s         m    u    l    t    i    -    t   
 h    r    e    a    d    !    0x0A A    d    o    r    o         e    s    c   
 r    e    v    e    r         p    r    o    g    r    a    m    a    s        
 m    u    l    t    i    -    t    h    r    e    a    d    !    0x0A A    d   
 o    r    o         e    s    c    r    e    v    e    r         p    r    o   
 g    r    a    m    a    s         m    u    l    t    i    -    t    h    r   
 e    a    d    !    0x0A A    d    o    r    o         e    s    c    r    e   
 v    e    r         p    r    o    g    r    a    m    a    s         m    u   
 l    t    i    -    t    h    r    e    a    d    !    0x0A A    d    o    r   
 o         e    s    c    r    e    v    e    r         p    r    o    g    r   
 a    m    a    s         m    u    l    t    i    -    t    h    r    e    a   
 d    !    0x0A A    d    o    r    o         e    s    c    r    e    v    e   
 r         p    r    o    g    r    a    m    a    s         m    u    l    t   
 i    -    t    h    r    e    a    d    !    0x0A A    d    o    r    o        
 e    s    c    r    e    v    e    r         p    r    o    g    r    a    m   
 a    s         m    u    l    t    i    -    t    h    r    e    a    d    !   
 0x0A A    d    o    r    o         e    s    c    r    e    v    e    r        
 p    r    o    g    r    a    m    a    s         m    u    l    t    i    -   
 t    h    r    e    a    d    !    0x0A A    d    o    r    o         e    s   
 c    r    e    v    e    r         p    r    o    g    r    a    m    a    s   
      m    u    l    t    i    -    t    h    r    e    a    d    !    0x0A A   
 d    o    r    o         e    s    c    r    e    v    e    r         p    r   
 o    g    r    a    m    a    s         m    u    l    t    i    -    t    h   
 r    e    a    d    !    0x0A A    d    o    r    o         e    s    c    r   
 e    v    e    r         p    r    o    g    r    a    m    a    s         m   
 u    l    t    i    -    t    h    r    e    a    d    !    0x0A A    d    o   
 r    o         e    s    c    r    e    v    e    r         p    r    o    g   
 r    a    m    a    s         m    u    l    t    i    -    t    h    r    e   
 a    d    !    0x0A A    d    o    r    o         e    s    c    r    e    v   
 e    r         p    r    o    g    r    a    m    a    s         m    u    l   
 t    i    -    t    h    r    e    a    d    !    0x0A A    d    o    r    o   
      e    s    c    r    e    v    e    r         p    r    o    g    r    a   
 m    a    s         m    u    l    t    i    -    t    h    r    e    a    d   
 !    0x0A A    d    o    r    o         e    s    c    r    e    v    e    r   
      p    r    o    g    r    a    m    a    s         m    u    l    t    i   
 -    t    h    r    e    a    d    !    0x0A A    d    o    r    o         e   
 s    c    r    e    v    e    r         p    r    o    g    r    a    m    a   
 s         m    u    l    t    i    -    t    h    r    e    a    d    !    0x0A
 A    d    o    r    o         e    s    c    r    e    v    e    r         p   
 r    o    g    r    a    m    a    s         m    u    l    t    i    -    t   
 h    r    e    a    d    !    0x0A

Par mais frequente: 're' frequencia 34
Substituindo par por 0x80
Apos substituir:
 A    d    o    r    o         e    s    c    0x80 v    e    r         p    r   
 o    g    r    a    m    a    s         m    u    l    t    i    -    t    h   
 0x80 a    d    !    0x0A A    d    o    r    o         e    s    c    0x80 v   
 e    r         p    r    o    g    r    a    m    a    s         m    u    l   
 t    i    -    t    h    0x80 a    d    !    0x0A A    d    o    r    o        
 e    s    c    0x80 v    e    r         p    r    o    g    r    a    m    a   
 s         m    u    l    t    i    -    t    h    0x80 a    d    !    0x0A A   
 d    o    r    o         e    s    c    0x80 v    e    r         p    r    o   
 g    r    a    m    a    s         m    u    l    t    i    -    t    h    0x80
 a    d    !    0x0A A    d    o    r    o         e    s    c    0x80 v    e   
 r         p    r    o    g    r    a    m    a    s         m    u    l    t   
 i    -    t    h    0x80 a    d    !    0x0A A    d    o    r    o         e   
 s    c    0x80 v    e    r         p    r    o    g    r    a    m    a    s   
      m    u    l    t    i    -    t    h    0x80 a    d    !    0x0A A    d   
 o    r    o         e    s    c    0x80 v    e    r         p    r    o    g   
 r    a    m    a    s         m    u    l    t    i    -    t    h    0x80 a   
 d    !    0x0A A    d    o    r    o         e    s    c    0x80 v    e    r   
      p    r    o    g    r    a    m    a    s         m    u    l    t    i   
 -    t    h    0x80 a    d    !    0x0A A    d    o    r    o         e    s   
 c    0x80 v    e    r         p    r    o    g    r    a    m    a    s        
 m    u    l    t    i    -    t    h    0x80 a    d    !    0x0A A    d    o   
 r    o         e    s    c    0x80 v    e    r         p    r    o    g    r   
 a    m    a    s         m    u    l    t    i    -    t    h    0x80 a    d   
 !    0x0A A    d    o    r    o         e    s    c    0x80 v    e    r        
 p    r    o    g    r    a    m    a    s         m    u    l    t    i    -   
 t    h    0x80 a    d    !    0x0A A    d    o    r    o         e    s    c   
 0x80 v    e    r         p    r    o    g    r    a    m    a    s         m   
 u    l    t    i    -    t    h    0x80 a    d    !    0x0A A    d    o    r   
 o         e    s    c    0x80 v    e    r         p    r    o    g    r    a   
 m    a    s         m    u    l    t    i    -    t    h    0x80 a    d    !   
 0x0A A    d    o    r    o         e    s    c    0x80 v    e    r         p   
 r    o    g    r    a    m    a    s         m    u    l    t    i    -    t   
 h    0x80 a    d    !    0x0A A    d    o    r    o         e    s    c    0x80
 v    e    r         p    r    o    g    r    a    m    a    s         m    u   
 l    t    i    -    t    h    0x80 a    d    !    0x0A A    d    o    r    o   
      e    s    c    0x80 v    e    r         p    r    o    g    r    a    m   
 a    s         m    u    l    t    i    -    t    h    0x80 a    d    !    0x0A
 A    d    o    r    o         e    s    c    0x80 v    e    r         p    r   
 o    g    r    a    m    a    s         m    u    l    t    i    -    t    h   
 0x80 a    d    !    0x0A

Par mais frequente: 'ro' frequencia 34
Substituindo par por 0x81
Apos substituir:
 A    d    o    0x81      e    s    c    0x80 v    e    r         p    0x81 g   
 r    a    m    a    s         m    u    l    t    i    -    t    h    0x80 a   
 d    !    0x0A A    d    o    0x81      e    s    c    0x80 v    e    r        
 p    0x81 g    r    a    m    a    s         m    u    l    t    i    -    t   
 h    0x80 a    d    !    0x0A A    d    o    0x81      e    s    c    0x80 v   
 e    r         p    0x81 g    r    a    m    a    s         m    u    l    t   
 i    -    t    h    0x80 a    d    !    0x0A A    d    o    0x81      e    s   
 c    0x80 v    e    r         p    0x81 g    r    a    m    a    s         m   
 u    l    t    i    -    t    h    0x80 a    d    !    0x0A A    d    o    0x81
      e    s    c    0x80 v    e    r         p    0x81 g    r    a    m    a   
 s         m    u    l    t    i    -    t    h    0x80 a    d    !    0x0A A   
 d    o    0x81      e    s    c    0x80 v    e    r         p    0x81 g    r   
 a    m    a    s         m    u    l    t    i    -    t    h    0x80 a    d   
 !    0x0A A    d    o    0x81      e    s    c    0x80 v    e    r         p   
 0x81 g    r    a    m    a    s         m    u    l    t    i    -    t    h   
 0x80 a    d    !    0x0A A    d    o    0x81      e    s    c    0x80 v    e   
 r         p    0x81 g    r    a    m    a    s         m    u    l    t    i   
 -    t    h    0x80 a    d    !    0x0A A    d    o    0x81      e    s    c   
 0x80 v    e    r         p    0x81 g    r    a    m    a    s         m    u   
 l    t    i    -    t    h    0x80 a    d    !    0x0A A    d    o    0x81     
 e    s    c    0x80 v    e    r         p    0x81 g    r    a    m    a    s   
      m    u    l    t    i    -    t    h    0x80 a    d    !    0x0A A    d   
 o    0x81      e    s    c    0x80 v    e    r         p    0x81 g    r    a   
 m    a    s         m    u    l    t    i    -    t    h    0x80 a    d    !   
 0x0A A    d    o    0x81      e    s    c    0x80 v    e    r         p    0x81
 g    r    a    m    a    s         m    u    l    t    i    -    t    h    0x80
 a    d    !    0x0A A    d    o    0x81      e    s    c    0x80 v    e    r   
      p    0x81 g    r    a    m    a    s         m    u    l    t    i    -   
 t    h    0x80 a    d    !    0x0A A    d    o    0x81      e    s    c    0x80
 v    e    r         p    0x81 g    r    a    m    a    s         m    u    l   
 t    i    -    t    h    0x80 a    d    !    0x0A A    d    o    0x81      e   
 s    c    0x80 v    e    r         p    0x81 g    r    a    m    a    s        
 m    u    l    t    i    -    t    h    0x80 a    d    !    0x0A A    d    o   
 0x81      e    s    c    0x80 v    e    r         p    0x81 g    r    a    m   
 a    s         m    u    l    t    i    -    t    h    0x80 a    d    !    0x0A
 A    d    o    0x81      e    s    c    0x80 v    e    r         p    0x81 g   
 r    a    m    a    s         m    u    l    t    i    -    t    h    0x80 a   
 d    !    0x0A

Par mais frequente: ' e' frequencia 17
Substituindo par por 0x82
Apos substituir:
 A    d    o    0x81 0x82 s    c    0x80 v    e    r         p    0x81 g    r   
 a    m    a    s         m    u    l    t    i    -    t    h    0x80 a    d   
 !    0x0A A    d    o    0x81 0x82 s    c    0x80 v    e    r         p    0x81
 g    r    a    m    a    s         m    u    l    t    i    -    t    h    0x80
 a    d    !    0x0A A    d    o    0x81 0x82 s    c    0x80 v    e    r        
 p    0x81 g    r    a    m    a    s         m    u    l    t    i    -    t   
 h    0x80 a    d    !    0x0A A    d    o    0x81 0x82 s    c    0x80 v    e   
 r         p    0x81 g    r    a    m    a    s         m    u    l    t    i   
 -    t    h    0x80 a    d    !    0x0A A    d    o    0x81 0x82 s    c    0x80
 v    e    r         p    0x81 g    r    a    m    a    s         m    u    l   
 t    i    -    t    h    0x80 a    d    !    0x0A A    d    o    0x81 0x82 s   
 c    0x80 v    e    r         p    0x81 g    r    a    m    a    s         m   
 u    l    t    i    -    t    h    0x80 a    d    !    0x0A A    d    o    0x81
 0x82 s    c    0x80 v    e    r         p    0x81 g    r    a    m    a    s   
      m    u    l    t    i    -    t    h    0x80 a    d    !    0x0A A    d   
 o    0x81 0x82 s    c    0x80 v    e    r         p    0x81 g    r    a    m   
 a    s         m    u    l    t    i    -    t    h    0x80 a    d    !    0x0A
 A    d    o    0x81 0x82 s    c    0x80 v    e    r         p    0x81 g    r   
 a    m    a    s         m    u    l    t    i    -    t    h    0x80 a    d   
 !    0x0A A    d    o    0x81 0x82 s    c    0x80 v    e    r         p    0x81
 g    r    a    m    a    s         m    u    l    t    i    -    t    h    0x80
 a    d    !    0x0A A    d    o    0x81 0x82 s    c    0x80 v    e    r        
 p    0x81 g    r    a    m    a    s         m    u    l    t    i    -    t   
 h    0x80 a    d    !    0x0A A    d    o    0x81 0x82 s    c    0x80 v    e   
 r         p    0x81 g    r    a    m    a    s         m    u    l    t    i   
 -    t    h    0x80 a    d    !    0x0A A    d    o    0x81 0x82 s    c    0x80
 v    e    r         p    0x81 g    r    a    m    a    s         m    u    l   
 t    i    -    t    h    0x80 a    d    !    0x0A A    d    o    0x81 0x82 s   
 c    0x80 v    e    r         p    0x81 g    r    a    m    a    s         m   
 u    l    t    i    -    t    h    0x80 a    d    !    0x0A A    d    o    0x81
 0x82 s    c    0x80 v    e    r         p    0x81 g    r    a    m    a    s   
      m    u    l    t    i    -    t    h    0x80 a    d    !    0x0A A    d   
 o    0x81 0x82 s    c    0x80 v    e    r         p    0x81 g    r    a    m   
 a    s         m    u    l    t    i    -    t    h    0x80 a    d    !    0x0A
 A    d    o    0x81 0x82 s    c    0x80 v    e    r         p    0x81 g    r   
 a    m    a    s         m    u    l    t    i    -    t    h    0x80 a    d   
 !    0x0A

Par mais frequente: ' m' frequencia 17
Substituindo par por 0x83
Apos substituir:
 A    d    o    0x81 0x82 s    c    0x80 v    e    r         p    0x81 g    r   
 a    m    a    s    0x83 u    l    t    i    -    t    h    0x80 a    d    !   
 0x0A A    d    o    0x81 0x82 s    c    0x80 v    e    r         p    0x81 g   
 r    a    m    a    s    0x83 u    l    t    i    -    t    h    0x80 a    d   
 !    0x0A A    d    o    0x81 0x82 s    c    0x80 v    e    r         p    0x81
 g    r    a    m    a    s    0x83 u    l    t    i    -    t    h    0x80 a   
 d    !    0x0A A    d    o    0x81 0x82 s    c    0x80 v    e    r         p   
 0x81 g    r    a    m    a    s    0x83 u    l    t    i    -    t    h    0x80
 a    d    !    0x0A A    d    o    0x81 0x82 s    c    0x80 v    e    r        
 p    0x81 g    r    a    m    a    s    0x83 u    l    t    i    -    t    h   
 0x80 a    d    !    0x0A A    d    o    0x81 0x82 s    c    0x80 v    e    r   
      p    0x81 g    r    a    m    a    s    0x83 u    l    t    i    -    t   
 h    0x80 a    d    !    0x0A A    d    o    0x81 0x82 s    c    0x80 v    e   
 r         p    0x81 g    r    a    m    a    s    0x83 u    l    t    i    -   
 t    h    0x80 a    d    !    0x0A A    d    o    0x81 0x82 s    c    0x80 v   
 e    r         p    0x81 g    r    a    m    a    s    0x83 u    l    t    i   
 -    t    h    0x80 a    d    !    0x0A A    d    o    0x81 0x82 s    c    0x80
 v    e    r         p    0x81 g    r    a    m    a    s    0x83 u    l    t   
 i    -    t    h    0x80 a    d    !    0x0A A    d    o    0x81 0x82 s    c   
 0x80 v    e    r         p    0x81 g    r    a    m    a    s    0x83 u    l   
 t    i    -    t    h    0x80 a    d    !    0x0A A    d    o    0x81 0x82 s   
 c    0x80 v    e    r         p    0x81 g    r    a    m    a    s    0x83 u   
 l    t    i    -    t    h    0x80 a    d    !    0x0A A    d    o    0x81 0x82
 s    c    0x80 v    e    r         p    0x81 g    r    a    m    a    s    0x83
 u    l    t    i    -    t    h    0x80 a    d    !    0x0A A    d    o    0x81
 0x82 s    c    0x80 v    e    r         p    0x81 g    r    a    m    a    s   
 0x83 u    l    t    i    -    t    h    0x80 a    d    !    0x0A A    d    o   
 0x81 0x82 s    c    0x80 v    e    r         p    0x81 g    r    a    m    a   
 s    0x83 u    l    t    i    -    t    h    0x80 a    d    !    0x0A A    d   
 o    0x81 0x82 s    c    0x80 v    e    r         p    0x81 g    r    a    m   
 a    s    0x83 u    l    t    i    -    t    h    0x80 a    d    !    0x0A A   
 d    o    0x81 0x82 s    c    0x80 v    e    r         p    0x81 g    r    a   
 m    a    s    0x83 u    l    t    i    -    t    h    0x80 a    d    !    0x0A
 A    d    o    0x81 0x82 s    c    0x80 v    e    r         p    0x81 g    r   
 a    m    a    s    0x83 u    l    t    i    -    t    h    0x80 a    d    !   
 0x0A

Par mais frequente: ' p' frequencia 17
Substituindo par por 0x84
Apos substituir:
 A    d    o    0x81 0x82 s    c    0x80 v    e    r    0x84 0x81 g    r    a   
 m    a    s    0x83 u    l    t    i    -    t    h    0x80 a    d    !    0x0A
 A    d    o    0x81 0x82 s    c    0x80 v    e    r    0x84 0x81 g    r    a   
 m    a    s    0x83 u    l    t    i    -    t    h    0x80 a    d    !    0x0A
 A    d    o    0x81 0x82 s    c    0x80 v    e    r    0x84 0x81 g    r    a   
 m    a    s    0x83 u    l    t    i    -    t    h    0x80 a    d    !    0x0A
 A    d    o    0x81 0x82 s    c    0x80 v    e    r    0x84 0x81 g    r    a   
 m    a    s    0x83 u    l    t    i    -    t    h    0x80 a    d    !    0x0A
 A    d    o    0x81 0x82 s    c    0x80 v    e    r    0x84 0x81 g    r    a   
 m    a    s    0x83 u    l    t    i    -    t    h    0x80 a    d    !    0x0A
 A    d    o    0x81 0x82 s    c    0x80 v    e    r    0x84 0x81 g    r    a   
 m    a    s    0x83 u    l    t    i    -    t    h    0x80 a    d    !    0x0A
 A    d    o    0x81 0x82 s    c    0x80 v    e    r    0x84 0x81 g    r    a   
 m    a    s    0x83 u    l    t    i    -    t    h    0x80 a    d    !    0x0A
 A    d    o    0x81 0x82 s    c    0x80 v    e    r    0x84 0x81 g    r    a   
 m    a    s    0x83 u    l    t    i    -    t    h    0x80 a    d    !    0x0A
 A    d    o    0x81 0x82 s    c    0x80 v    e    r    0x84 0x81 g    r    a   
 m    a    s    0x83 u    l    t    i    -    t    h    0x80 a    d    !    0x0A
 A    d    o    0x81 0x82 s    c    0x80 v    e    r    0x84 0x81 g    r    a   
 m    a    s    0x83 u    l    t    i    -    t    h    0x80 a    d    !    0x0A
 A    d    o    0x81 0x82 s    c    0x80 v    e    r    0x84 0x81 g    r    a   
 m    a    s    0x83 u    l    t    i    -    t    h    0x80 a    d    !    0x0A
 A    d    o    0x81 0x82 s    c    0x80 v    e    r    0x84 0x81 g    r    a   
 m    a    s    0x83 u    l    t    i    -    t    h    0x80 a    d    !    0x0A
 A    d    o    0x81 0x82 s    c    0x80 v    e    r    0x84 0x81 g    r    a   
 m    a    s    0x83 u    l    t    i    -    t    h    0x80 a    d    !    0x0A
 A    d    o    0x81 0x82 s    c    0x80 v    e    r    0x84 0x81 g    r    a   
 m    a    s    0x83 u    l    t    i    -    t    h    0x80 a    d    !    0x0A
 A    d    o    0x81 0x82 s    c    0x80 v    e    r    0x84 0x81 g    r    a   
 m    a    s    0x83 u    l    t    i    -    t    h    0x80 a    d    !    0x0A
 A    d    o    0x81 0x82 s    c    0x80 v    e    r    0x84 0x81 g    r    a   
 m    a    s    0x83 u    l    t    i    -    t    h    0x80 a    d    !    0x0A
 A    d    o    0x81 0x82 s    c    0x80 v    e    r    0x84 0x81 g    r    a   
 m    a    s    0x83 u    l    t    i    -    t    h    0x80 a    d    !    0x0A


Par mais frequente: '!<0xA>' frequencia 17
Substituindo par por 0x85
Apos substituir:
 A    d    o    0x81 0x82 s    c    0x80 v    e    r    0x84 0x81 g    r    a   
 m    a    s    0x83 u    l    t    i    -    t    h    0x80 a    d    0x85 A   
 d    o    0x81 0x82 s    c    0x80 v    e    r    0x84 0x81 g    r    a    m   
 a    s    0x83 u    l    t    i    -    t    h    0x80 a    d    0x85 A    d   
 o    0x81 0x82 s    c    0x80 v    e    r    0x84 0x81 g    r    a    m    a   
 s    0x83 u    l    t    i    -    t    h    0x80 a    d    0x85 A    d    o   
 0x81 0x82 s    c    0x80 v    e    r    0x84 0x81 g    r    a    m    a    s   
 0x83 u    l    t    i    -    t    h    0x80 a    d    0x85 A    d    o    0x81
 0x82 s    c    0x80 v    e    r    0x84 0x81 g    r    a    m    a    s    0x83
 u    l    t    i    -    t    h    0x80 a    d    0x85 A    d    o    0x81 0x82
 s    c    0x80 v    e    r    0x84 0x81 g    r    a    m    a    s    0x83 u   
 l    t    i    -    t    h    0x80 a    d    0x85 A    d    o    0x81 0x82 s   
 c    0x80 v    e    r    0x84 0x81 g    r    a    m    a    s    0x83 u    l   
 t    i    -    t    h    0x80 a    d    0x85 A    d    o    0x81 0x82 s    c   
 0x80 v    e    r    0x84 0x81 g    r    a    m    a    s    0x83 u    l    t   
 i    -    t    h    0x80 a    d    0x85 A    d    o    0x81 0x82 s    c    0x80
 v    e    r    0x84 0x81 g    r    a    m    a    s    0x83 u    l    t    i   
 -    t    h    0x80 a    d    0x85 A    d    o    0x81 0x82 s    c    0x80 v   
 e    r    0x84 0x81 g    r    a    m    a    s    0x83 u    l    t    i    -   
 t    h    0x80 a    d    0x85 A    d    o    0x81 0x82 s    c    0x80 v    e   
 r    0x84 0x81 g    r    a    m    a    s    0x83 u    l    t    i    -    t   
 h    0x80 a    d    0x85 A    d    o    0x81 0x82 s    c    0x80 v    e    r   
 0x84 0x81 g    r    a    m    a    s    0x83 u    l    t    i    -    t    h   
 0x80 a    d    0x85 A    d    o    0x81 0x82 s    c    0x80 v    e    r    0x84
 0x81 g    r    a    m    a    s    0x83 u    l    t    i    -    t    h    0x80
 a    d    0x85 A    d    o    0x81 0x82 s    c    0x80 v    e    r    0x84 0x81
 g    r    a    m    a    s    0x83 u    l    t    i    -    t    h    0x80 a   
 d    0x85 A    d    o    0x81 0x82 s    c    0x80 v    e    r    0x84 0x81 g   
 r    a    m    a    s    0x83 u    l    t    i    -    t    h    0x80 a    d   
 0x85 A    d    o    0x81 0x82 s    c    0x80 v    e    r    0x84 0x81 g    r   
 a    m    a    s    0x83 u    l    t    i    -    t    h    0x80 a    d    0x85
 A    d    o    0x81 0x82 s    c    0x80 v    e    r    0x84 0x81 g    r    a   
 m    a    s    0x83 u    l    t    i    -    t    h    0x80 a    d    0x85

Par mais frequente: '-t' frequencia 17
Substituindo par por 0x86
Apos substituir:
 A    d    o    0x81 0x82 s    c    0x80 v    e    r    0x84 0x81 g    r    a   
 m    a    s    0x83 u    l    t    i    0x86 h    0x80 a    d    0x85 A    d   
 o    0x81 0x82 s    c    0x80 v    e    r    0x84 0x81 g    r    a    m    a   
 s    0x83 u    l    t    i    0x86 h    0x80 a    d    0x85 A    d    o    0x81
 0x82 s    c    0x80 v    e    r    0x84 0x81 g    r    a    m    a    s    0x83
 u    l    t    i    0x86 h    0x80 a    d    0x85 A    d    o    0x81 0x82 s   
 c    0x80 v    e    r    0x84 0x81 g    r    a    m    a    s    0x83 u    l   
 t    i    0x86 h    0x80 a    d    0x85 A    d    o    0x81 0x82 s    c    0x80
 v    e    r    0x84 0x81 g    r    a    m    a    s    0x83 u    l    t    i   
 0x86 h    0x80 a    d    0x85 A    d    o    0x81 0x82 s    c    0x80 v    e   
 r    0x84 0x81 g    r    a    m    a    s    0x83 u    l    t    i    0x86 h   
 0x80 a    d    0x85 A    d    o    0x81 0x82 s    c    0x80 v    e    r    0x84
 0x81 g    r    a    m    a    s    0x83 u    l    t    i    0x86 h    0x80 a   
 d    0x85 A    d    o    0x81 0x82 s    c    0x80 v    e    r    0x84 0x81 g   
 r    a    m    a    s    0x83 u    l    t    i    0x86 h    0x80 a    d    0x85
 A    d    o    0x81 0x82 s    c    0x80 v    e    r    0x84 0x81 g    r    a   
 m    a    s    0x83 u    l    t    i    0x86 h    0x80 a    d    0x85 A    d   
 o    0x81 0x82 s    c    0x80 v    e    r    0x84 0x81 g    r    a    m    a   
 s    0x83 u    l    t    i    0x86 h    0x80 a    d    0x85 A    d    o    0x81
 0x82 s    c    0x80 v    e    r    0x84 0x81 g    r    a    m    a    s    0x83
 u    l    t    i    0x86 h    0x80 a    d    0x85 A    d    o    0x81 0x82 s   
 c    0x80 v    e    r    0x84 0x81 g    r    a    m    a    s    0x83 u    l   
 t    i    0x86 h    0x80 a    d    0x85 A    d    o    0x81 0x82 s    c    0x80
 v    e    r    0x84 0x81 g    r    a    m    a    s    0x83 u    l    t    i   
 0x86 h    0x80 a    d    0x85 A    d    o    0x81 0x82 s    c    0x80 v    e   
 r    0x84 0x81 g    r    a    m    a    s    0x83 u    l    t    i    0x86 h   
 0x80 a    d    0x85 A    d    o    0x81 0x82 s    c    0x80 v    e    r    0x84
 0x81 g    r    a    m    a    s    0x83 u    l    t    i    0x86 h    0x80 a   
 d    0x85 A    d    o    0x81 0x82 s    c    0x80 v    e    r    0x84 0x81 g   
 r    a    m    a    s    0x83 u    l    t    i    0x86 h    0x80 a    d    0x85
 A    d    o    0x81 0x82 s    c    0x80 v    e    r    0x84 0x81 g    r    a   
 m    a    s    0x83 u    l    t    i    0x86 h    0x80 a    d    0x85

Par mais frequente: 'Ad' frequencia 17
Substituindo par por 0x87
Apos substituir:
 0x87 o    0x81 0x82 s    c    0x80 v    e    r    0x84 0x81 g    r    a    m   
 a    s    0x83 u    l    t    i    0x86 h    0x80 a    d    0x85 0x87 o    0x81
 0x82 s    c    0x80 v    e    r    0x84 0x81 g    r    a    m    a    s    0x83
 u    l    t    i    0x86 h    0x80 a    d    0x85 0x87 o    0x81 0x82 s    c   
 0x80 v    e    r    0x84 0x81 g    r    a    m    a    s    0x83 u    l    t   
 i    0x86 h    0x80 a    d    0x85 0x87 o    0x81 0x82 s    c    0x80 v    e   
 r    0x84 0x81 g    r    a    m    a    s    0x83 u    l    t    i    0x86 h   
 0x80 a    d    0x85 0x87 o    0x81 0x82 s    c    0x80 v    e    r    0x84 0x81
 g    r    a    m    a    s    0x83 u    l    t    i    0x86 h    0x80 a    d   
 0x85 0x87 o    0x81 0x82 s    c    0x80 v    e    r    0x84 0x81 g    r    a   
 m    a    s    0x83 u    l    t    i    0x86 h    0x80 a    d    0x85 0x87 o   
 0x81 0x82 s    c    0x80 v    e    r    0x84 0x81 g    r    a    m    a    s   
 0x83 u    l    t    i    0x86 h    0x80 a    d    0x85 0x87 o    0x81 0x82 s   
 c    0x80 v    e    r    0x84 0x81 g    r    a    m    a    s    0x83 u    l   
 t    i    0x86 h    0x80 a    d    0x85 0x87 o    0x81 0x82 s    c    0x80 v   
 e    r    0x84 0x81 g    r    a    m    a    s    0x83 u    l    t    i    0x86
 h    0x80 a    d    0x85 0x87 o    0x81 0x82 s    c    0x80 v    e    r    0x84
 0x81 g    r    a    m    a    s    0x83 u    l    t    i    0x86 h    0x80 a   
 d    0x85 0x87 o    0x81 0x82 s    c    0x80 v    e    r    0x84 0x81 g    r   
 a    m    a    s    0x83 u    l    t    i    0x86 h    0x80 a    d    0x85 0x87
 o    0x81 0x82 s    c    0x80 v    e    r    0x84 0x81 g    r    a    m    a   
 s    0x83 u    l    t    i    0x86 h    0x80 a    d    0x85 0x87 o    0x81 0x82
 s    c    0x80 v    e    r    0x84 0x81 g    r    a    m    a    s    0x83 u   
 l    t    i    0x86 h    0x80 a    d    0x85 0x87 o    0x81 0x82 s    c    0x80
 v    e    r    0x84 0x81 g    r    a    m    a    s    0x83 u    l    t    i   
 0x86 h    0x80 a    d    0x85 0x87 o    0x81 0x82 s    c    0x80 v    e    r   
 0x84 0x81 g    r    a    m    a    s    0x83 u    l    t    i    0x86 h    0x80
 a    d    0x85 0x87 o    0x81 0x82 s    c    0x80 v    e    r    0x84 0x81 g   
 r    a    m    a    s    0x83 u    l    t    i    0x86 h    0x80 a    d    0x85
 0x87 o    0x81 0x82 s    c    0x80 v    e    r    0x84 0x81 g    r    a    m   
 a    s    0x83 u    l    t    i    0x86 h    0x80 a    d    0x85

Par mais frequente: 'ad' frequencia 17
Substituindo par por 0x88
Apos substituir:
 0x87 o    0x81 0x82 s    c    0x80 v    e    r    0x84 0x81 g    r    a    m   
 a    s    0x83 u    l    t    i    0x86 h    0x80 0x88 0x85 0x87 o    0x81 0x82
 s    c    0x80 v    e    r    0x84 0x81 g    r    a    m    a    s    0x83 u   
 l    t    i    0x86 h    0x80 0x88 0x85 0x87 o    0x81 0x82 s    c    0x80 v   
 e    r    0x84 0x81 g    r    a    m    a    s    0x83 u    l    t    i    0x86
 h    0x80 0x88 0x85 0x87 o    0x81 0x82 s    c    0x80 v    e    r    0x84 0x81
 g    r    a    m    a    s    0x83 u    l    t    i    0x86 h    0x80 0x88 0x85
 0x87 o    0x81 0x82 s    c    0x80 v    e    r    0x84 0x81 g    r    a    m   
 a    s    0x83 u    l    t    i    0x86 h    0x80 0x88 0x85 0x87 o    0x81 0x82
 s    c    0x80 v    e    r    0x84 0x81 g    r    a    m    a    s    0x83 u   
 l    t    i    0x86 h    0x80 0x88 0x85 0x87 o    0x81 0x82 s    c    0x80 v   
 e    r    0x84 0x81 g    r    a    m    a    s    0x83 u    l    t    i    0x86
 h    0x80 0x88 0x85 0x87 o    0x81 0x82 s    c    0x80 v    e    r    0x84 0x81
 g    r    a    m    a    s    0x83 u    l    t    i    0x86 h    0x80 0x88 0x85
 0x87 o    0x81 0x82 s    c    0x80 v    e    r    0x84 0x81 g    r    a    m   
 a    s    0x83 u    l    t    i    0x86 h    0x80 0x88 0x85 0x87 o    0x81 0x82
 s    c    0x80 v    e    r    0x84 0x81 g    r    a    m    a    s    0x83 u   
 l    t    i    0x86 h    0x80 0x88 0x85 0x87 o    0x81 0x82 s    c    0x80 v   
 e    r    0x84 0x81 g    r    a    m    a    s    0x83 u    l    t    i    0x86
 h    0x80 0x88 0x85 0x87 o    0x81 0x82 s    c    0x80 v    e    r    0x84 0x81
 g    r    a    m    a    s    0x83 u    l    t    i    0x86 h    0x80 0x88 0x85
 0x87 o    0x81 0x82 s    c    0x80 v    e    r    0x84 0x81 g    r    a    m   
 a    s    0x83 u    l    t    i    0x86 h    0x80 0x88 0x85 0x87 o    0x81 0x82
 s    c    0x80 v    e    r    0x84 0x81 g    r    a    m    a    s    0x83 u   
 l    t    i    0x86 h    0x80 0x88 0x85 0x87 o    0x81 0x82 s    c    0x80 v   
 e    r    0x84 0x81 g    r    a    m    a    s    0x83 u    l    t    i    0x86
 h    0x80 0x88 0x85 0x87 o    0x81 0x82 s    c    0x80 v    e    r    0x84 0x81
 g    r    a    m    a    s    0x83 u    l    t    i    0x86 h    0x80 0x88 0x85
 0x87 o    0x81 0x82 s    c    0x80 v    e    r    0x84 0x81 g    r    a    m   
 a    s    0x83 u    l    t    i    0x86 h    0x80 0x88 0x85

Par mais frequente: 'am' frequencia 17
Substituindo par por 0x89
Apos substituir:
 0x87 o    0x81 0x82 s    c    0x80 v    e    r    0x84 0x81 g    r    0x89 a   
 s    0x83 u    l    t    i    0x86 h    0x80 0x88 0x85 0x87 o    0x81 0x82 s   
 c    0x80 v    e    r    0x84 0x81 g    r    0x89 a    s    0x83 u    l    t   
 i    0x86 h    0x80 0x88 0x85 0x87 o    0x81 0x82 s    c    0x80 v    e    r   
 0x84 0x81 g    r    0x89 a    s    0x83 u    l    t    i    0x86 h    0x80 0x88
 0x85 0x87 o    0x81 0x82 s    c    0x80 v    e    r    0x84 0x81 g    r    0x89
 a    s    0x83 u    l    t    i    0x86 h    0x80 0x88 0x85 0x87 o    0x81 0x82
 s    c    0x80 v    e    r    0x84 0x81 g    r    0x89 a    s    0x83 u    l   
 t    i    0x86 h    0x80 0x88 0x85 0x87 o    0x81 0x82 s    c    0x80 v    e   
 r    0x84 0x81 g    r    0x89 a    s    0x83 u    l    t    i    0x86 h    0x80
 0x88 0x85 0x87 o    0x81 0x82 s    c    0x80 v    e    r    0x84 0x81 g    r   
 0x89 a    s    0x83 u    l    t    i    0x86 h    0x80 0x88 0x85 0x87 o    0x81
 0x82 s    c    0x80 v    e    r    0x84 0x81 g    r    0x89 a    s    0x83 u   
 l    t    i    0x86 h    0x80 0x88 0x85 0x87 o    0x81 0x82 s    c    0x80 v   
 e    r    0x84 0x81 g    r    0x89 a    s    0x83 u    l    t    i    0x86 h   
 0x80 0x88 0x85 0x87 o    0x81 0x82 s    c    0x80 v    e    r    0x84 0x81 g   
 r    0x89 a    s    0x83 u    l    t    i    0x86 h    0x80 0x88 0x85 0x87 o   
 0x81 0x82 s    c    0x80 v    e    r    0x84 0x81 g    r    0x89 a    s    0x83
 u    l    t    i    0x86 h    0x80 0x88 0x85 0x87 o    0x81 0x82 s    c    0x80
 v    e    r    0x84 0x81 g    r    0x89 a    s    0x83 u    l    t    i    0x86
 h    0x80 0x88 0x85 0x87 o    0x81 0x82 s    c    0x80 v    e    r    0x84 0x81
 g    r    0x89 a    s    0x83 u    l    t    i    0x86 h    0x80 0x88 0x85 0x87
 o    0x81 0x82 s    c    0x80 v    e    r    0x84 0x81 g    r    0x89 a    s   
 0x83 u    l    t    i    0x86 h    0x80 0x88 0x85 0x87 o    0x81 0x82 s    c   
 0x80 v    e    r    0x84 0x81 g    r    0x89 a    s    0x83 u    l    t    i   
 0x86 h    0x80 0x88 0x85 0x87 o    0x81 0x82 s    c    0x80 v    e    r    0x84
 0x81 g    r    0x89 a    s    0x83 u    l    t    i    0x86 h    0x80 0x88 0x85
 0x87 o    0x81 0x82 s    c    0x80 v    e    r    0x84 0x81 g    r    0x89 a   
 s    0x83 u    l    t    i    0x86 h    0x80 0x88 0x85

Par mais frequente: 'as' frequencia 17
Substituindo par por 0x8A
Apos substituir:
 0x87 o    0x81 0x82 s    c    0x80 v    e    r    0x84 0x81 g    r    0x89 0x8A
 0x83 u    l    t    i    0x86 h    0x80 0x88 0x85 0x87 o    0x81 0x82 s    c   
 0x80 v    e    r    0x84 0x81 g    r    0x89 0x8A 0x83 u    l    t    i    0x86
 h    0x80 0x88 0x85 0x87 o    0x81 0x82 s    c    0x80 v    e    r    0x84 0x81
 g    r    0x89 0x8A 0x83 u    l    t    i    0x86 h    0x80 0x88 0x85 0x87 o   
 0x81 0x82 s    c    0x80 v    e    r    0x84 0x81 g    r    0x89 0x8A 0x83 u   
 l    t    i    0x86 h    0x80 0x88 0x85 0x87 o    0x81 0x82 s    c    0x80 v   
 e    r    0x84 0x81 g    r    0x89 0x8A 0x83 u    l    t    i    0x86 h    0x80
 0x88 0x85 0x87 o    0x81 0x82 s    c    0x80 v    e    r    0x84 0x81 g    r   
 0x89 0x8A 0x83 u    l    t    i    0x86 h    0x80 0x88 0x85 0x87 o    0x81 0x82
 s    c    0x80 v    e    r    0x84 0x81 g    r    0x89 0x8A 0x83 u    l    t   
 i    0x86 h    0x80 0x88 0x85 0x87 o    0x81 0x82 s    c    0x80 v    e    r   
 0x84 0x81 g    r    0x89 0x8A 0x83 u    l    t    i    0x86 h    0x80 0x88 0x85
 0x87 o    0x81 0x82 s    c    0x80 v    e    r    0x84 0x81 g    r    0x89 0x8A
 0x83 u    l    t    i    0x86 h    0x80 0x88 0x85 0x87 o    0x81 0x82 s    c   
 0x80 v    e    r    0x84 0x81 g    r    0x89 0x8A 0x83 u    l    t    i    0x86
 h    0x80 0x88 0x85 0x87 o    0x81 0x82 s    c    0x80 v    e    r    0x84 0x81
 g    r    0x89 0x8A 0x83 u    l    t    i    0x86 h    0x80 0x88 0x85 0x87 o   
 0x81 0x82 s    c    0x80 v    e    r    0x84 0x81 g    r    0x89 0x8A 0x83 u   
 l    t    i    0x86 h    0x80 0x88 0x85 0x87 o    0x81 0x82 s    c    0x80 v   
 e    r    0x84 0x81 g    r    0x89 0x8A 0x83 u    l    t    i    0x86 h    0x80
 0x88 0x85 0x87 o    0x81 0x82 s    c    0x80 v    e    r    0x84 0x81 g    r   
 0x89 0x8A 0x83 u    l    t    i    0x86 h    0x80 0x88 0x85 0x87 o    0x81 0x82
 s    c    0x80 v    e    r    0x84 0x81 g    r    0x89 0x8A 0x83 u    l    t   
 i    0x86 h    0x80 0x88 0x85 0x87 o    0x81 0x82 s    c    0x80 v    e    r   
 0x84 0x81 g    r    0x89 0x8A 0x83 u    l    t    i    0x86 h    0x80 0x88 0x85
 0x87 o    0x81 0x82 s    c    0x80 v    e    r    0x84 0x81 g    r    0x89 0x8A
 0x83 u    l    t    i    0x86 h    0x80 0x88 0x85

Par mais frequente: 'c<0x80>' frequencia 17
Substituindo par por 0x8B
Apos substituir:
 0x87 o    0x81 0x82 s    0x8B v    e    r    0x84 0x81 g    r    0x89 0x8A 0x83
 u    l    t    i    0x86 h    0x80 0x88 0x85 0x87 o    0x81 0x82 s    0x8B v   
 e    r    0x84 0x81 g    r    0x89 0x8A 0x83 u    l    t    i    0x86 h    0x80
 0x88 0x85 0x87 o    0x81 0x82 s    0x8B v    e    r    0x84 0x81 g    r    0x89
 0x8A 0x83 u    l    t    i    0x86 h    0x80 0x88 0x85 0x87 o    0x81 0x82 s   
 0x8B v    e    r    0x84 0x81 g    r    0x89 0x8A 0x83 u    l    t    i    0x86
 h    0x80 0x88 0x85 0x87 o    0x81 0x82 s    0x8B v    e    r    0x84 0x81 g   
 r    0x89 0x8A 0x83 u    l    t    i    0x86 h    0x80 0x88 0x85 0x87 o    0x81
 0x82 s    0x8B v    e    r    0x84 0x81 g    r    0x89 0x8A 0x83 u    l    t   
 i    0x86 h    0x80 0x88 0x85 0x87 o    0x81 0x82 s    0x8B v    e    r    0x84
 0x81 g    r    0x89 0x8A 0x83 u    l    t    i    0x86 h    0x80 0x88 0x85 0x87
 o    0x81 0x82 s    0x8B v    e    r    0x84 0x81 g    r    0x89 0x8A 0x83 u   
 l    t    i    0x86 h    0x80 0x88 0x85 0x87 o    0x81 0x82 s    0x8B v    e   
 r    0x84 0x81 g    r    0x89 0x8A 0x83 u    l    t    i    0x86 h    0x80 0x88
 0x85 0x87 o    0x81 0x82 s    0x8B v    e    r    0x84 0x81 g    r    0x89 0x8A
 0x83 u    l    t    i    0x86 h    0x80 0x88 0x85 0x87 o    0x81 0x82 s    0x8B
 v    e    r    0x84 0x81 g    r    0x89 0x8A 0x83 u    l    t    i    0x86 h   
 0x80 0x88 0x85 0x87 o    0x81 0x82 s    0x8B v    e    r    0x84 0x81 g    r   
 0x89 0x8A 0x83 u    l    t    i    0x86 h    0x80 0x88 0x85 0x87 o    0x81 0x82
 s    0x8B v    e    r    0x84 0x81 g    r    0x89 0x8A 0x83 u    l    t    i   
 0x86 h    0x80 0x88 0x85 0x87 o    0x81 0x82 s    0x8B v    e    r    0x84 0x81
 g    r    0x89 0x8A 0x83 u    l    t    i    0x86 h    0x80 0x88 0x85 0x87 o   
 0x81 0x82 s    0x8B v    e    r    0x84 0x81 g    r    0x89 0x8A 0x83 u    l   
 t    i    0x86 h    0x80 0x88 0x85 0x87 o    0x81 0x82 s    0x8B v    e    r   
 0x84 0x81 g    r    0x89 0x8A 0x83 u    l    t    i    0x86 h    0x80 0x88 0x85
 0x87 o    0x81 0x82 s    0x8B v    e    r    0x84 0x81 g    r    0x89 0x8A 0x83
 u    l    t    i    0x86 h    0x80 0x88 0x85

Par mais frequente: 'er' frequencia 17
Substituindo par por 0x8C
Apos substituir:
 0x87 o    0x81 0x82 s    0x8B v    0x8C 0x84 0x81 g    r    0x89 0x8A 0x83 u   
 l    t    i    0x86 h    0x80 0x88 0x85 0x87 o    0x81 0x82 s    0x8B v    0x8C
 0x84 0x81 g    r    0x89 0x8A 0x83 u    l    t    i    0x86 h    0x80 0x88 0x85
 0x87 o    0x81 0x82 s    0x8B v    0x8C 0x84 0x81 g    r    0x89 0x8A 0x83 u   
 l    t    i    0x86 h    0x80 0x88 0x85 0x87 o    0x81 0x82 s    0x8B v    0x8C
 0x84 0x81 g    r    0x89 0x8A 0x83 u    l    t    i    0x86 h    0x80 0x88 0x85
 0x87 o    0x81 0x82 s    0x8B v    0x8C 0x84 0x81 g    r    0x89 0x8A 0x83 u   
 l    t    i    0x86 h    0x80 0x88 0x85 0x87 o    0x81 0x82 s    0x8B v    0x8C
 0x84 0x81 g    r    0x89 0x8A 0x83 u    l    t    i    0x86 h    0x80 0x88 0x85
 0x87 o    0x81 0x82 s    0x8B v    0x8C 0x84 0x81 g    r    0x89 0x8A 0x83 u   
 l    t    i    0x86 h    0x80 0x88 0x85 0x87 o    0x81 0x82 s    0x8B v    0x8C
 0x84 0x81 g    r    0x89 0x8A 0x83 u    l    t    i    0x86 h    0x80 0x88 0x85
 0x87 o    0x81 0x82 s    0x8B v    0x8C 0x84 0x81 g    r    0x89 0x8A 0x83 u   
 l    t    i    0x86 h    0x80 0x88 0x85 0x87 o    0x81 0x82 s    0x8B v    0x8C
 0x84 0x81 g    r    0x89 0x8A 0x83 u    l    t    i    0x86 h    0x80 0x88 0x85
 0x87 o    0x81 0x82 s    0x8B v    0x8C 0x84 0x81 g    r    0x89 0x8A 0x83 u   
 l    t    i    0x86 h    0x80 0x88 0x85 0x87 o    0x81 0x82 s    0x8B v    0x8C
 0x84 0x81 g    r    0x89 0x8A 0x83 u    l    t    i    0x86 h    0x80 0x88 0x85
 0x87 o    0x81 0x82 s    0x8B v    0x8C 0x84 0x81 g    r    0x89 0x8A 0x83 u   
 l    t    i    0x86 h    0x80 0x88 0x85 0x87 o    0x81 0x82 s    0x8B v    0x8C
 0x84 0x81 g    r    0x89 0x8A 0x83 u    l    t    i    0x86 h    0x80 0x88 0x85
 0x87 o    0x81 0x82 s    0x8B v    0x8C 0x84 0x81 g    r    0x89 0x8A 0x83 u   
 l    t    i    0x86 h    0x80 0x88 0x85 0x87 o    0x81 0x82 s    0x8B v    0x8C
 0x84 0x81 g    r    0x89 0x8A 0x83 u    l    t    i    0x86 h    0x80 0x88 0x85
 0x87 o    0x81 0x82 s    0x8B v    0x8C 0x84 0x81 g    r    0x89 0x8A 0x83 u   
 l    t    i    0x86 h    0x80 0x88 0x85

Par mais frequente: 'gr' frequencia 17
Substituindo par por 0x8D
Apos substituir:
 0x87 o    0x81 0x82 s    0x8B v    0x8C 0x84 0x81 0x8D 0x89 0x8A 0x83 u    l   
 t    i    0x86 h    0x80 0x88 0x85 0x87 o    0x81 0x82 s    0x8B v    0x8C 0x84
 0x81 0x8D 0x89 0x8A 0x83 u    l    t    i    0x86 h    0x80 0x88 0x85 0x87 o   
 0x81 0x82 s    0x8B v    0x8C 0x84 0x81 0x8D 0x89 0x8A 0x83 u    l    t    i   
 0x86 h    0x80 0x88 0x85 0x87 o    0x81 0x82 s    0x8B v    0x8C 0x84 0x81 0x8D
 0x89 0x8A 0x83 u    l    t    i    0x86 h    0x80 0x88 0x85 0x87 o    0x81 0x82
 s    0x8B v    0x8C 0x84 0x81 0x8D 0x89 0x8A 0x83 u    l    t    i    0x86 h   
 0x80 0x88 0x85 0x87 o    0x81 0x82 s    0x8B v    0x8C 0x84 0x81 0x8D 0x89 0x8A
 0x83 u    l    t    i    0x86 h    0x80 0x88 0x85 0x87 o    0x81 0x82 s    0x8B
 v    0x8C 0x84 0x81 0x8D 0x89 0x8A 0x83 u    l    t    i    0x86 h    0x80 0x88
 0x85 0x87 o    0x81 0x82 s    0x8B v    0x8C 0x84 0x81 0x8D 0x89 0x8A 0x83 u   
 l    t    i    0x86 h    0x80 0x88 0x85 0x87 o    0x81 0x82 s    0x8B v    0x8C
 0x84 0x81 0x8D 0x89 0x8A 0x83 u    l    t    i    0x86 h    0x80 0x88 0x85 0x87
 o    0x81 0x82 s    0x8B v    0x8C 0x84 0x81 0x8D 0x89 0x8A 0x83 u    l    t   
 i    0x86 h    0x80 0x88 0x85 0x87 o    0x81 0x82 s    0x8B v    0x8C 0x84 0x81
 0x8D 0x89 0x8A 0x83 u    l    t    i    0x86 h    0x80 0x88 0x85 0x87 o    0x81
 0x82 s    0x8B v    0x8C 0x84 0x81 0x8D 0x89 0x8A 0x83 u    l    t    i    0x86
 h    0x80 0x88 0x85 0x87 o    0x81 0x82 s    0x8B v    0x8C 0x84 0x81 0x8D 0x89
 0x8A 0x83 u    l    t    i    0x86 h    0x80 0x88 0x85 0x87 o    0x81 0x82 s   
 0x8B v    0x8C 0x84 0x81 0x8D 0x89 0x8A 0x83 u    l    t    i    0x86 h    0x80
 0x88 0x85 0x87 o    0x81 0x82 s    0x8B v    0x8C 0x84 0x81 0x8D 0x89 0x8A 0x83
 u    l    t    i    0x86 h    0x80 0x88 0x85 0x87 o    0x81 0x82 s    0x8B v   
 0x8C 0x84 0x81 0x8D 0x89 0x8A 0x83 u    l    t    i    0x86 h    0x80 0x88 0x85
 0x87 o    0x81 0x82 s    0x8B v    0x8C 0x84 0x81 0x8D 0x89 0x8A 0x83 u    l   
 t    i    0x86 h    0x80 0x88 0x85

Par mais frequente: 'h<0x80>' frequencia 17
Substituindo par por 0x8E
Apos substituir:
 0x87 o    0x81 0x82 s    0x8B v    0x8C 0x84 0x81 0x8D 0x89 0x8A 0x83 u    l   
 t    i    0x86 0x8E 0x88 0x85 0x87 o    0x81 0x82 s    0x8B v    0x8C 0x84 0x81
 0x8D 0x89 0x8A 0x83 u    l    t    i    0x86 0x8E 0x88 0x85 0x87 o    0x81 0x82
 s    0x8B v    0x8C 0x84 0x81 0x8D 0x89 0x8A 0x83 u    l    t    i    0x86 0x8E
 0x88 0x85 0x87 o    0x81 0x82 s    0x8B v    0x8C 0x84 0x81 0x8D 0x89 0x8A 0x83
 u    l    t    i    0x86 0x8E 0x88 0x85 0x87 o    0x81 0x82 s    0x8B v    0x8C
 0x84 0x81 0x8D 0x89 0x8A 0x83 u    l    t    i    0x86 0x8E 0x88 0x85 0x87 o   
 0x81 0x82 s    0x8B v    0x8C 0x84 0x81 0x8D 0x89 0x8A 0x83 u    l    t    i   
 0x86 0x8E 0x88 0x85 0x87 o    0x81 0x82 s    0x8B v    0x8C 0x84 0x81 0x8D 0x89
 0x8A 0x83 u    l    t    i    0x86 0x8E 0x88 0x85 0x87 o    0x81 0x82 s    0x8B
 v    0x8C 0x84 0x81 0x8D 0x89 0x8A 0x83 u    l    t    i    0x86 0x8E 0x88 0x85
 0x87 o    0x81 0x82 s    0x8B v    0x8C 0x84 0x81 0x8D 0x89 0x8A 0x83 u    l   
 t    i    0x86 0x8E 0x88 0x85 0x87 o    0x81 0x82 s    0x8B v    0x8C 0x84 0x81
 0x8D 0x89 0x8A 0x83 u    l    t    i    0x86 0x8E 0x88 0x85 0x87 o    0x81 0x82
 s    0x8B v    0x8C 0x84 0x81 0x8D 0x89 0x8A 0x83 u    l    t    i    0x86 0x8E
 0x88 0x85 0x87 o    0x81 0x82 s    0x8B v    0x8C 0x84 0x81 0x8D 0x89 0x8A 0x83
 u    l    t    i    0x86 0x8E 0x88 0x85 0x87 o    0x81 0x82 s    0x8B v    0x8C
 0x84 0x81 0x8D 0x89 0x8A 0x83 u    l    t    i    0x86 0x8E 0x88 0x85 0x87 o   
 0x81 0x82 s    0x8B v    0x8C 0x84 0x81 0x8D 0x89 0x8A 0x83 u    l    t    i   
 0x86 0x8E 0x88 0x85 0x87 o    0x81 0x82 s    0x8B v    0x8C 0x84 0x81 0x8D 0x89
 0x8A 0x83 u    l    t    i    0x86 0x8E 0x88 0x85 0x87 o    0x81 0x82 s    0x8B
 v    0x8C 0x84 0x81 0x8D 0x89 0x8A 0x83 u    l    t    i    0x86 0x8E 0x88 0x85
 0x87 o    0x81 0x82 s    0x8B v    0x8C 0x84 0x81 0x8D 0x89 0x8A 0x83 u    l   
 t    i    0x86 0x8E 0x88 0x85

Par mais frequente: 'i<0x86>' frequencia 17
Substituindo par por 0x8F
Apos substituir:
 0x87 o    0x81 0x82 s    0x8B v    0x8C 0x84 0x81 0x8D 0x89 0x8A 0x83 u    l   
 t    0x8F 0x8E 0x88 0x85 0x87 o    0x81 0x82 s    0x8B v    0x8C 0x84 0x81 0x8D
 0x89 0x8A 0x83 u    l    t    0x8F 0x8E 0x88 0x85 0x87 o    0x81 0x82 s    0x8B
 v    0x8C 0x84 0x81 0x8D 0x89 0x8A 0x83 u    l    t    0x8F 0x8E 0x88 0x85 0x87
 o    0x81 0x82 s    0x8B v    0x8C 0x84 0x81 0x8D 0x89 0x8A 0x83 u    l    t   
 0x8F 0x8E 0x88 0x85 0x87 o    0x81 0x82 s    0x8B v    0x8C 0x84 0x81 0x8D 0x89
 0x8A 0x83 u    l    t    0x8F 0x8E 0x88 0x85 0x87 o    0x81 0x82 s    0x8B v   
 0x8C 0x84 0x81 0x8D 0x89 0x8A 0x83 u    l    t    0x8F 0x8E 0x88 0x85 0x87 o   
 0x81 0x82 s    0x8B v    0x8C 0x84 0x81 0x8D 0x89 0x8A 0x83 u    l    t    0x8F
 0x8E 0x88 0x85 0x87 o    0x81 0x82 s    0x8B v    0x8C 0x84 0x81 0x8D 0x89 0x8A
 0x83 u    l    t    0x8F 0x8E 0x88 0x85 0x87 o    0x81 0x82 s    0x8B v    0x8C
 0x84 0x81 0x8D 0x89 0x8A 0x83 u    l    t    0x8F 0x8E 0x88 0x85 0x87 o    0x81
 0x82 s    0x8B v    0x8C 0x84 0x81 0x8D 0x89 0x8A 0x83 u    l    t    0x8F 0x8E
 0x88 0x85 0x87 o    0x81 0x82 s    0x8B v    0x8C 0x84 0x81 0x8D 0x89 0x8A 0x83
 u    l    t    0x8F 0x8E 0x88 0x85 0x87 o    0x81 0x82 s    0x8B v    0x8C 0x84
 0x81 0x8D 0x89 0x8A 0x83 u    l    t    0x8F 0x8E 0x88 0x85 0x87 o    0x81 0x82
 s    0x8B v    0x8C 0x84 0x81 0x8D 0x89 0x8A 0x83 u    l    t    0x8F 0x8E 0x88
 0x85 0x87 o    0x81 0x82 s    0x8B v    0x8C 0x84 0x81 0x8D 0x89 0x8A 0x83 u   
 l    t    0x8F 0x8E 0x88 0x85 0x87 o    0x81 0x82 s    0x8B v    0x8C 0x84 0x81
 0x8D 0x89 0x8A 0x83 u    l    t    0x8F 0x8E 0x88 0x85 0x87 o    0x81 0x82 s   
 0x8B v    0x8C 0x84 0x81 0x8D 0x89 0x8A 0x83 u    l    t    0x8F 0x8E 0x88 0x85
 0x87 o    0x81 0x82 s    0x8B v    0x8C 0x84 0x81 0x8D 0x89 0x8A 0x83 u    l   
 t    0x8F 0x8E 0x88 0x85

Par mais frequente: 'lt' frequencia 17
Substituindo par por 0x90
Apos substituir:
 0x87 o    0x81 0x82 s    0x8B v    0x8C 0x84 0x81 0x8D 0x89 0x8A 0x83 u    0x90
 0x8F 0x8E 0x88 0x85 0x87 o    0x81 0x82 s    0x8B v    0x8C 0x84 0x81 0x8D 0x89
 0x8A 0x83 u    0x90 0x8F 0x8E 0x88 0x85 0x87 o    0x81 0x82 s    0x8B v    0x8C
 0x84 0x81 0x8D 0x89 0x8A 0x83 u    0x90 0x8F 0x8E 0x88 0x85 0x87 o    0x81 0x82
 s    0x8B v    0x8C 0x84 0x81 0x8D 0x89 0x8A 0x83 u    0x90 0x8F 0x8E 0x88 0x85
 0x87 o    0x81 0x82 s    0x8B v    0x8C 0x84 0x81 0x8D 0x89 0x8A 0x83 u    0x90
 0x8F 0x8E 0x88 0x85 0x87 o    0x81 0x82 s    0x8B v    0x8C 0x84 0x81 0x8D 0x89
 0x8A 0x83 u    0x90 0x8F 0x8E 0x88 0x85 0x87 o    0x81 0x82 s    0x8B v    0x8C
 0x84 0x81 0x8D 0x89 0x8A 0x83 u    0x90 0x8F 0x8E 0x88 0x85 0x87 o    0x81 0x82
 s    0x8B v    0x8C 0x84 0x81 0x8D 0x89 0x8A 0x83 u    0x90 0x8F 0x8E 0x88 0x85
 0x87 o    0x81 0x82 s    0x8B v    0x8C 0x84 0x81 0x8D 0x89 0x8A 0x83 u    0x90
 0x8F 0x8E 0x88 0x85 0x87 o    0x81 0x82 s    0x8B v    0x8C 0x84 0x81 0x8D 0x89
 0x8A 0x83 u    0x90 0x8F 0x8E 0x88 0x85 0x87 o    0x81 0x82 s    0x8B v    0x8C
 0x84 0x81 0x8D 0x89 0x8A 0x83 u    0x90 0x8F 0x8E 0x88 0x85 0x87 o    0x81 0x82
 s    0x8B v    0x8C 0x84 0x81 0x8D 0x89 0x8A 0x83 u    0x90 0x8F 0x8E 0x88 0x85
 0x87 o    0x81 0x82 s    0x8B v    0x8C 0x84 0x81 0x8D 0x89 0x8A 0x83 u    0x90
 0x8F 0x8E 0x88 0x85 0x87 o    0x81 0x82 s    0x8B v    0x8C 0x84 0x81 0x8D 0x89
 0x8A 0x83 u    0x90 0x8F 0x8E 0x88 0x85 0x87 o    0x81 0x82 s    0x8B v    0x8C
 0x84 0x81 0x8D 0x89 0x8A 0x83 u    0x90 0x8F 0x8E 0x88 0x85 0x87 o    0x81 0x82
 s    0x8B v    0x8C 0x84 0x81 0x8D 0x89 0x8A 0x83 u    0x90 0x8F 0x8E 0x88 0x85
 0x87 o    0x81 0x82 s    0x8B v    0x8C 0x84 0x81 0x8D 0x89 0x8A 0x83 u    0x90
 0x8F 0x8E 0x88 0x85

Par mais frequente: 'o<0x81>' frequencia 17
Substituindo par por 0x91
Apos substituir:
 0x87 0x91 0x82 s    0x8B v    0x8C 0x84 0x81 0x8D 0x89 0x8A 0x83 u    0x90 0x8F
 0x8E 0x88 0x85 0x87 0x91 0x82 s    0x8B v    0x8C 0x84 0x81 0x8D 0x89 0x8A 0x83
 u    0x90 0x8F 0x8E 0x88 0x85 0x87 0x91 0x82 s    0x8B v    0x8C 0x84 0x81 0x8D
 0x89 0x8A 0x83 u    0x90 0x8F 0x8E 0x88 0x85 0x87 0x91 0x82 s    0x8B v    0x8C
 0x84 0x81 0x8D 0x89 0x8A 0x83 u    0x90 0x8F 0x8E 0x88 0x85 0x87 0x91 0x82 s   
 0x8B v    0x8C 0x84 0x81 0x8D 0x89 0x8A 0x83 u    0x90 0x8F 0x8E 0x88 0x85 0x87
 0x91 0x82 s    0x8B v    0x8C 0x84 0x81 0x8D 0x89 0x8A 0x83 u    0x90 0x8F 0x8E
 0x88 0x85 0x87 0x91 0x82 s    0x8B v    0x8C 0x84 0x81 0x8D 0x89 0x8A 0x83 u   
 0x90 0x8F 0x8E 0x88 0x85 0x87 0x91 0x82 s    0x8B v    0x8C 0x84 0x81 0x8D 0x89
 0x8A 0x83 u    0x90 0x8F 0x8E 0x88 0x85 0x87 0x91 0x82 s    0x8B v    0x8C 0x84
 0x81 0x8D 0x89 0x8A 0x83 u    0x90 0x8F 0x8E 0x88 0x85 0x87 0x91 0x82 s    0x8B
 v    0x8C 0x84 0x81 0x8D 0x89 0x8A 0x83 u    0x90 0x8F 0x8E 0x88 0x85 0x87 0x91
 0x82 s    0x8B v    0x8C 0x84 0x81 0x8D 0x89 0x8A 0x83 u    0x90 0x8F 0x8E 0x88
 0x85 0x87 0x91 0x82 s    0x8B v    0x8C 0x84 0x81 0x8D 0x89 0x8A 0x83 u    0x90
 0x8F 0x8E 0x88 0x85 0x87 0x91 0x82 s    0x8B v    0x8C 0x84 0x81 0x8D 0x89 0x8A
 0x83 u    0x90 0x8F 0x8E 0x88 0x85 0x87 0x91 0x82 s    0x8B v    0x8C 0x84 0x81
 0x8D 0x89 0x8A 0x83 u    0x90 0x8F 0x8E 0x88 0x85 0x87 0x91 0x82 s    0x8B v   
 0x8C 0x84 0x81 0x8D 0x89 0x8A 0x83 u    0x90 0x8F 0x8E 0x88 0x85 0x87 0x91 0x82
 s    0x8B v    0x8C 0x84 0x81 0x8D 0x89 0x8A 0x83 u    0x90 0x8F 0x8E 0x88 0x85
 0x87 0x91 0x82 s    0x8B v    0x8C 0x84 0x81 0x8D 0x89 0x8A 0x83 u    0x90 0x8F
 0x8E 0x88 0x85

Par mais frequente: 's<0x8B>' frequencia 17
Substituindo par por 0x92
Apos substituir:
 0x87 0x91 0x82 0x92 v    0x8C 0x84 0x81 0x8D 0x89 0x8A 0x83 u    0x90 0x8F 0x8E
 0x88 0x85 0x87 0x91 0x82 0x92 v    0x8C 0x84 0x81 0x8D 0x89 0x8A 0x83 u    0x90
 0x8F 0x8E 0x88 0x85 0x87 0x91 0x82 0x92 v    0x8C 0x84 0x81 0x8D 0x89 0x8A 0x83
 u    0x90 0x8F 0x8E 0x88 0x85 0x87 0x91 0x82 0x92 v    0x8C 0x84 0x81 0x8D 0x89
 0x8A 0x83 u    0x90 0x8F 0x8E 0x88 0x85 0x87 0x91 0x82 0x92 v    0x8C 0x84 0x81
 0x8D 0x89 0x8A 0x83 u    0x90 0x8F 0x8E 0x88 0x85 0x87 0x91 0x82 0x92 v    0x8C
 0x84 0x81 0x8D 0x89 0x8A 0x83 u    0x90 0x8F 0x8E 0x88 0x85 0x87 0x91 0x82 0x92
 v    0x8C 0x84 0x81 0x8D 0x89 0x8A 0x83 u    0x90 0x8F 0x8E 0x88 0x85 0x87 0x91
 0x82 0x92 v    0x8C 0x84 0x81 0x8D 0x89 0x8A 0x83 u    0x90 0x8F 0x8E 0x88 0x85
 0x87 0x91 0x82 0x92 v    0x8C 0x84 0x81 0x8D 0x89 0x8A 0x83 u    0x90 0x8F 0x8E
 0x88 0x85 0x87 0x91 0x82 0x92 v    0x8C 0x84 0x81 0x8D 0x89 0x8A 0x83 u    0x90
 0x8F 0x8E 0x88 0x85 0x87 0x91 0x82 0x92 v    0x8C 0x84 0x81 0x8D 0x89 0x8A 0x83
 u    0x90 0x8F 0x8E 0x88 0x85 0x87 0x91 0x82 0x92 v    0x8C 0x84 0x81 0x8D 0x89
 0x8A 0x83 u    0x90 0x8F 0x8E 0x88 0x85 0x87 0x91 0x82 0x92 v    0x8C 0x84 0x81
 0x8D 0x89 0x8A 0x83 u    0x90 0x8F 0x8E 0x88 0x85 0x87 0x91 0x82 0x92 v    0x8C
 0x84 0x81 0x8D 0x89 0x8A 0x83 u    0x90 0x8F 0x8E 0x88 0x85 0x87 0x91 0x82 0x92
 v    0x8C 0x84 0x81 0x8D 0x89 0x8A 0x83 u    0x90 0x8F 0x8E 0x88 0x85 0x87 0x91
 0x82 0x92 v    0x8C 0x84 0x81 0x8D 0x89 0x8A 0x83 u    0x90 0x8F 0x8E 0x88 0x85
 0x87 0x91 0x82 0x92 v    0x8C 0x84 0x81 0x8D 0x89 0x8A 0x83 u    0x90 0x8F 0x8E
 0x88 0x85

Par mais frequente: 'u<0x90>' frequencia 17
Substituindo par por 0x93
Apos substituir:
 0x87 0x91 0x82 0x92 v    0x8C 0x84 0x81 0x8D 0x89 0x8A 0x83 0x93 0x8F 0x8E 0x88
 0x85 0x87 0x91 0x82 0x92 v    0x8C 0x84 0x81 0x8D 0x89 0x8A 0x83 0x93 0x8F 0x8E
 0x88 0x85 0x87 0x91 0x82 0x92 v    0x8C 0x84 0x81 0x8D 0x89 0x8A 0x83 0x93 0x8F
 0x8E 0x88 0x85 0x87 0x91 0x82 0x92 v    0x8C 0x84 0x81 0x8D 0x89 0x8A 0x83 0x93
 0x8F 0x8E 0x88 0x85 0x87 0x91 0x82 0x92 v    0x8C 0x84 0x81 0x8D 0x89 0x8A 0x83
 0x93 0x8F 0x8E 0x88 0x85 0x87 0x91 0x82 0x92 v    0x8C 0x84 0x81 0x8D 0x89 0x8A
 0x83 0x93 0x8F 0x8E 0x88 0x85 0x87 0x91 0x82 0x92 v    0x8C 0x84 0x81 0x8D 0x89
 0x8A 0x83 0x93 0x8F 0x8E 0x88 0x85 0x87 0x91 0x82 0x92 v    0x8C 0x84 0x81 0x8D
 0x89 0x8A 0x83 0x93 0x8F 0x8E 0x88 0x85 0x87 0x91 0x82 0x92 v    0x8C 0x84 0x81
 0x8D 0x89 0x8A 0x83 0x93 0x8F 0x8E 0x88 0x85 0x87 0x91 0x82 0x92 v    0x8C 0x84
 0x81 0x8D 0x89 0x8A 0x83 0x93 0x8F 0x8E 0x88 0x85 0x87 0x91 0x82 0x92 v    0x8C
 0x84 0x81 0x8D 0x89 0x8A 0x83 0x93 0x8F 0x8E 0x88 0x85 0x87 0x91 0x82 0x92 v   
 0x8C 0x84 0x81 0x8D 0x89 0x8A 0x83 0x93 0x8F 0x8E 0x88 0x85 0x87 0x91 0x82 0x92
 v    0x8C 0x84 0x81 0x8D 0x89 0x8A 0x83 0x93 0x8F 0x8E 0x88 0x85 0x87 0x91 0x82
 0x92 v    0x8C 0x84 0x81 0x8D 0x89 0x8A 0x83 0x93 0x8F 0x8E 0x88 0x85 0x87 0x91
 0x82 0x92 v    0x8C 0x84 0x81 0x8D 0x89 0x8A 0x83 0x93 0x8F 0x8E 0x88 0x85 0x87
 0x91 0x82 0x92 v    0x8C 0x84 0x81 0x8D 0x89 0x8A 0x83 0x93 0x8F 0x8E 0x88 0x85
 0x87 0x91 0x82 0x92 v    0x8C 0x84 0x81 0x8D 0x89 0x8A 0x83 0x93 0x8F 0x8E 0x88
 0x85

Par mais frequente: 'v<0x8C>' frequencia 17
Substituindo par por 0x94
Apos substituir:
 0x87 0x91 0x82 0x92 0x94 0x84 0x81 0x8D 0x89 0x8A 0x83 0x93 0x8F 0x8E 0x88 0x85
 0x87 0x91 0x82 0x92 0x94 0x84 0x81 0x8D 0x89 0x8A 0x83 0x93 0x8F 0x8E 0x88 0x85
 0x87 0x91 0x82 0x92 0x94 0x84 0x81 0x8D 0x89 0x8A 0x83 0x93 0x8F 0x8E 0x88 0x85
 0x87 0x91 0x82 0x92 0x94 0x84 0x81 0x8D 0x89 0x8A 0x83 0x93 0x8F 0x8E 0x88 0x85
 0x87 0x91 0x82 0x92 0x94 0x84 0x81 0x8D 0x89 0x8A 0x83 0x93 0x8F 0x8E 0x88 0x85
 0x87 0x91 0x82 0x92 0x94 0x84 0x81 0x8D 0x89 0x8A 0x83 0x93 0x8F 0x8E 0x88 0x85
 0x87 0x91 0x82 0x92 0x94 0x84 0x81 0x8D 0x89 0x8A 0x83 0x93 0x8F 0x8E 0x88 0x85
 0x87 0x91 0x82 0x92 0x94 0x84 0x81 0x8D 0x89 0x8A 0x83 0x93 0x8F 0x8E 0x88 0x85
 0x87 0x91 0x82 0x92 0x94 0x84 0x81 0x8D 0x89 0x8A 0x83 0x93 0x8F 0x8E 0x88 0x85
 0x87 0x91 0x82 0x92 0x94 0x84 0x81 0x8D 0x89 0x8A 0x83 0x93 0x8F 0x8E 0x88 0x85
 0x87 0x91 0x82 0x92 0x94 0x84 0x81 0x8D 0x89 0x8A 0x83 0x93 0x8F 0x8E 0x88 0x85
 0x87 0x91 0x82 0x92 0x94 0x84 0x81 0x8D 0x89 0x8A 0x83 0x93 0x8F 0x8E 0x88 0x85
 0x87 0x91 0x82 0x92 0x94 0x84 0x81 0x8D 0x89 0x8A 0x83 0x93 0x8F 0x8E 0x88 0x85
 0x87 0x91 0x82 0x92 0x94 0x84 0x81 0x8D 0x89 0x8A 0x83 0x93 0x8F 0x8E 0x88 0x85
 0x87 0x91 0x82 0x92 0x94 0x84 0x81 0x8D 0x89 0x8A 0x83 0x93 0x8F 0x8E 0x88 0x85
 0x87 0x91 0x82 0x92 0x94 0x84 0x81 0x8D 0x89 0x8A 0x83 0x93 0x8F 0x8E 0x88 0x85
 0x87 0x91 0x82 0x92 0x94 0x84 0x81 0x8D 0x89 0x8A 0x83 0x93 0x8F 0x8E 0x88 0x85


Par mais frequente: '<0x81><0x8D>' frequencia 17
Substituindo par por 0x95
Apos substituir:
 0x87 0x91 0x82 0x92 0x94 0x84 0x95 0x89 0x8A 0x83 0x93 0x8F 0x8E 0x88 0x85 0x87
 0x91 0x82 0x92 0x94 0x84 0x95 0x89 0x8A 0x83 0x93 0x8F 0x8E 0x88 0x85 0x87 0x91
 0x82 0x92 0x94 0x84 0x95 0x89 0x8A 0x83 0x93 0x8F 0x8E 0x88 0x85 0x87 0x91 0x82
 0x92 0x94 0x84 0x95 0x89 0x8A 0x83 0x93 0x8F 0x8E 0x88 0x85 0x87 0x91 0x82 0x92
 0x94 0x84 0x95 0x89 0x8A 0x83 0x93 0x8F 0x8E 0x88 0x85 0x87 0x91 0x82 0x92 0x94
 0x84 0x95 0x89 0x8A 0x83 0x93 0x8F 0x8E 0x88 0x85 0x87 0x91 0x82 0x92 0x94 0x84
 0x95 0x89 0x8A 0x83 0x93 0x8F 0x8E 0x88 0x85 0x87 0x91 0x82 0x92 0x94 0x84 0x95
 0x89 0x8A 0x83 0x93 0x8F 0x8E 0x88 0x85 0x87 0x91 0x82 0x92 0x94 0x84 0x95 0x89
 0x8A 0x83 0x93 0x8F 0x8E 0x88 0x85 0x87 0x91 0x82 0x92 0x94 0x84 0x95 0x89 0x8A
 0x83 0x93 0x8F 0x8E 0x88 0x85 0x87 0x91 0x82 0x92 0x94 0x84 0x95 0x89 0x8A 0x83
 0x93 0x8F 0x8E 0x88 0x85 0x87 0x91 0x82 0x92 0x94 0x84 0x95 0x89 0x8A 0x83 0x93
 0x8F 0x8E 0x88 0x85 0x87 0x91 0x82 0x92 0x94 0x84 0x95 0x89 0x8A 0x83 0x93 0x8F
 0x8E 0x88 0x85 0x87 0x91 0x82 0x92 0x94 0x84 0x95 0x89 0x8A 0x83 0x93 0x8F 0x8E
 0x88 0x85 0x87 0x91 0x82 0x92 0x94 0x84 0x95 0x89 0x8A 0x83 0x93 0x8F 0x8E 0x88
 0x85 0x87 0x91 0x82 0x92 0x94 0x84 0x95 0x89 0x8A 0x83 0x93 0x8F 0x8E 0x88 0x85
 0x87 0x91 0x82 0x92 0x94 0x84 0x95 0x89 0x8A 0x83 0x93 0x8F 0x8E 0x88 0x85

Par mais frequente: '<0x82><0x92>' frequencia 17
Substituindo par por 0x96
Apos substituir:
 0x87 0x91 0x96 0x94 0x84 0x95 0x89 0x8A 0x83 0x93 0x8F 0x8E 0x88 0x85 0x87 0x91
 0x96 0x94 0x84 0x95 0x89 0x8A 0x83 0x93 0x8F 0x8E 0x88 0x85 0x87 0x91 0x96 0x94
 0x84 0x95 0x89 0x8A 0x83 0x93 0x8F 0x8E 0x88 0x85 0x87 0x91 0x96 0x94 0x84 0x95
 0x89 0x8A 0x83 0x93 0x8F 0x8E 0x88 0x85 0x87 0x91 0x96 0x94 0x84 0x95 0x89 0x8A
 0x83 0x93 0x8F 0x8E 0x88 0x85 0x87 0x91 0x96 0x94 0x84 0x95 0x89 0x8A 0x83 0x93
 0x8F 0x8E 0x88 0x85 0x87 0x91 0x96 0x94 0x84 0x95 0x89 0x8A 0x83 0x93 0x8F 0x8E
 0x88 0x85 0x87 0x91 0x96 0x94 0x84 0x95 0x89 0x8A 0x83 0x93 0x8F 0x8E 0x88 0x85
 0x87 0x91 0x96 0x94 0x84 0x95 0x89 0x8A 0x83 0x93 0x8F 0x8E 0x88 0x85 0x87 0x91
 0x96 0x94 0x84 0x95 0x89 0x8A 0x83 0x93 0x8F 0x8E 0x88 0x85 0x87 0x91 0x96 0x94
 0x84 0x95 0x89 0x8A 0x83 0x93 0x8F 0x8E 0x88 0x85 0x87 0x91 0x96 0x94 0x84 0x95
 0x89 0x8A 0x83 0x93 0x8F 0x8E 0x88 0x85 0x87 0x91 0x96 0x94 0x84 0x95 0x89 0x8A
 0x83 0x93 0x8F 0x8E 0x88 0x85 0x87 0x91 0x96 0x94 0x84 0x95 0x89 0x8A 0x83 0x93
 0x8F 0x8E 0x88 0x85 0x87 0x91 0x96 0x94 0x84 0x95 0x89 0x8A 0x83 0x93 0x8F 0x8E
 0x88 0x85 0x87 0x91 0x96 0x94 0x84 0x95 0x89 0x8A 0x83 0x93 0x8F 0x8E 0x88 0x85
 0x87 0x91 0x96 0x94 0x84 0x95 0x89 0x8A 0x83 0x93 0x8F 0x8E 0x88 0x85

Par mais frequente: '<0x83><0x93>' frequencia 17
Substituindo par por 0x97
Apos substituir:
 0x87 0x91 0x96 0x94 0x84 0x95 0x89 0x8A 0x97 0x8F 0x8E 0x88 0x85 0x87 0x91 0x96
 0x94 0x84 0x95 0x89 0x8A 0x97 0x8F 0x8E 0x88 0x85 0x87 0x91 0x96 0x94 0x84 0x95
 0x89 0x8A 0x97 0x8F 0x8E 0x88 0x85 0x87 0x91 0x96 0x94 0x84 0x95 0x89 0x8A 0x97
 0x8F 0x8E 0x88 0x85 0x87 0x91 0x96 0x94 0x84 0x95 0x89 0x8A 0x97 0x8F 0x8E 0x88
 0x85 0x87 0x91 0x96 0x94 0x84 0x95 0x89 0x8A 0x97 0x8F 0x8E 0x88 0x85 0x87 0x91
 0x96 0x94 0x84 0x95 0x89 0x8A 0x97 0x8F 0x8E 0x88 0x85 0x87 0x91 0x96 0x94 0x84
 0x95 0x89 0x8A 0x97 0x8F 0x8E 0x88 0x85 0x87 0x91 0x96 0x94 0x84 0x95 0x89 0x8A
 0x97 0x8F 0x8E 0x88 0x85 0x87 0x91 0x96 0x94 0x84 0x95 0x89 0x8A 0x97 0x8F 0x8E
 0x88 0x85 0x87 0x91 0x96 0x94 0x84 0x95 0x89 0x8A 0x97 0x8F 0x8E 0x88 0x85 0x87
 0x91 0x96 0x94 0x84 0x95 0x89 0x8A 0x97 0x8F 0x8E 0x88 0x85 0x87 0x91 0x96 0x94
 0x84 0x95 0x89 0x8A 0x97 0x8F 0x8E 0x88 0x85 0x87 0x91 0x96 0x94 0x84 0x95 0x89
 0x8A 0x97 0x8F 0x8E 0x88 0x85 0x87 0x91 0x96 0x94 0x84 0x95 0x89 0x8A 0x97 0x8F
 0x8E 0x88 0x85 0x87 0x91 0x96 0x94 0x84 0x95 0x89 0x8A 0x97 0x8F 0x8E 0x88 0x85
 0x87 0x91 0x96 0x94 0x84 0x95 0x89 0x8A 0x97 0x8F 0x8E 0x88 0x85

Par mais frequente: '<0x84><0x95>' frequencia 17
Substituindo par por 0x98
Apos substituir:
 0x87 0x91 0x96 0x94 0x98 0x89 0x8A 0x97 0x8F 0x8E 0x88 0x85 0x87 0x91 0x96 0x94
 0x98 0x89 0x8A 0x97 0x8F 0x8E 0x88 0x85 0x87 0x91 0x96 0x94 0x98 0x89 0x8A 0x97
 0x8F 0x8E 0x88 0x85 0x87 0x91 0x96 0x94 0x98 0x89 0x8A 0x97 0x8F 0x8E 0x88 0x85
 0x87 0x91 0x96 0x94 0x98 0x89 0x8A 0x97 0x8F 0x8E 0x88 0x85 0x87 0x91 0x96 0x94
 0x98 0x89 0x8A 0x97 0x8F 0x8E 0x88 0x85 0x87 0x91 0x96 0x94 0x98 0x89 0x8A 0x97
 0x8F 0x8E 0x88 0x85 0x87 0x91 0x96 0x94 0x98 0x89 0x8A 0x97 0x8F 0x8E 0x88 0x85
 0x87 0x91 0x96 0x94 0x98 0x89 0x8A 0x97 0x8F 0x8E 0x88 0x85 0x87 0x91 0x96 0x94
 0x98 0x89 0x8A 0x97 0x8F 0x8E 0x88 0x85 0x87 0x91 0x96 0x94 0x98 0x89 0x8A 0x97
 0x8F 0x8E 0x88 0x85 0x87 0x91 0x96 0x94 0x98 0x89 0x8A 0x97 0x8F 0x8E 0x88 0x85
 0x87 0x91 0x96 0x94 0x98 0x89 0x8A 0x97 0x8F 0x8E 0x88 0x85 0x87 0x91 0x96 0x94
 0x98 0x89 0x8A 0x97 0x8F 0x8E 0x88 0x85 0x87 0x91 0x96 0x94 0x98 0x89 0x8A 0x97
 0x8F 0x8E 0x88 0x85 0x87 0x91 0x96 0x94 0x98 0x89 0x8A 0x97 0x8F 0x8E 0x88 0x85
 0x87 0x91 0x96 0x94 0x98 0x89 0x8A 0x97 0x8F 0x8E 0x88 0x85

Par mais frequente: '<0x87><0x91>' frequencia 17
Substituindo par por 0x99
Apos substituir:
 0x99 0x96 0x94 0x98 0x89 0x8A 0x97 0x8F 0x8E 0x88 0x85 0x99 0x96 0x94 0x98 0x89
 0x8A 0x97 0x8F 0x8E 0x88 0x85 0x99 0x96 0x94 0x98 0x89 0x8A 0x97 0x8F 0x8E 0x88
 0x85 0x99 0x96 0x94 0x98 0x89 0x8A 0x97 0x8F 0x8E 0x88 0x85 0x99 0x96 0x94 0x98
 0x89 0x8A 0x97 0x8F 0x8E 0x88 0x85 0x99 0x96 0x94 0x98 0x89 0x8A 0x97 0x8F 0x8E
 0x88 0x85 0x99 0x96 0x94 0x98 0x89 0x8A 0x97 0x8F 0x8E 0x88 0x85 0x99 0x96 0x94
 0x98 0x89 0x8A 0x97 0x8F 0x8E 0x88 0x85 0x99 0x96 0x94 0x98 0x89 0x8A 0x97 0x8F
 0x8E 0x88 0x85 0x99 0x96 0x94 0x98 0x89 0x8A 0x97 0x8F 0x8E 0x88 0x85 0x99 0x96
 0x94 0x98 0x89 0x8A 0x97 0x8F 0x8E 0x88 0x85 0x99 0x96 0x94 0x98 0x89 0x8A 0x97
 0x8F 0x8E 0x88 0x85 0x99 0x96 0x94 0x98 0x89 0x8A 0x97 0x8F 0x8E 0x88 0x85 0x99
 0x96 0x94 0x98 0x89 0x8A 0x97 0x8F 0x8E 0x88 0x85 0x99 0x96 0x94 0x98 0x89 0x8A
 0x97 0x8F 0x8E 0x88 0x85 0x99 0x96 0x94 0x98 0x89 0x8A 0x97 0x8F 0x8E 0x88 0x85
 0x99 0x96 0x94 0x98 0x89 0x8A 0x97 0x8F 0x8E 0x88 0x85

Par mais frequente: '<0x88><0x85>' frequencia 17
Substituindo par por 0x9A
Apos substituir:
 0x99 0x96 0x94 0x98 0x89 0x8A 0x97 0x8F 0x8E 0x9A 0x99 0x96 0x94 0x98 0x89 0x8A
 0x97 0x8F 0x8E 0x9A 0x99 0x96 0x94 0x98 0x89 0x8A 0x97 0x8F 0x8E 0x9A 0x99 0x96
 0x94 0x98 0x89 0x8A 0x97 0x8F 0x8E 0x9A 0x99 0x96 0x94 0x98 0x89 0x8A 0x97 0x8F
 0x8E 0x9A 0x99 0x96 0x94 0x98 0x89 0x8A 0x97 0x8F 0x8E 0x9A 0x99 0x96 0x94 0x98
 0x89 0x8A 0x97 0x8F 0x8E 0x9A 0x99 0x96 0x94 0x98 0x89 0x8A 0x97 0x8F 0x8E 0x9A
 0x99 0x96 0x94 0x98 0x89 0x8A 0x97 0x8F 0x8E 0x9A 0x99 0x96 0x94 0x98 0x89 0x8A
 0x97 0x8F 0x8E 0x9A 0x99 0x96 0x94 0x98 0x89 0x8A 0x97 0x8F 0x8E 0x9A 0x99 0x96
 0x94 0x98 0x89 0x8A 0x97 0x8F 0x8E 0x9A 0x99 0x96 0x94 0x98 0x89 0x8A 0x97 0x8F
 0x8E 0x9A 0x99 0x96 0x94 0x98 0x89 0x8A 0x97 0x8F 0x8E 0x9A 0x99 0x96 0x94 0x98
 0x89 0x8A 0x97 0x8F 0x8E 0x9A 0x99 0x96 0x94 0x98 0x89 0x8A 0x97 0x8F 0x8E 0x9A
 0x99 0x96 0x94 0x98 0x89 0x8A 0x97 0x8F 0x8E 0x9A

Par mais frequente: '<0x89><0x8A>' frequencia 17
Substituindo par por 0x9B
Apos substituir:
 0x99 0x96 0x94 0x98 0x9B 0x97 0x8F 0x8E 0x9A 0x99 0x96 0x94 0x98 0x9B 0x97 0x8F
 0x8E 0x9A 0x99 0x96 0x94 0x98 0x9B 0x97 0x8F 0x8E 0x9A 0x99 0x96 0x94 0x98 0x9B
 0x97 0x8F 0x8E 0x9A 0x99 0x96 0x94 0x98 0x9B 0x97 0x8F 0x8E 0x9A 0x99 0x96 0x94
 0x98 0x9B 0x97 0x8F 0x8E 0x9A 0x99 0x96 0x94 0x98 0x9B 0x97 0x8F 0x8E 0x9A 0x99
 0x96 0x94 0x98 0x9B 0x97 0x8F 0x8E 0x9A 0x99 0x96 0x94 0x98 0x9B 0x97 0x8F 0x8E
 0x9A 0x99 0x96 0x94 0x98 0x9B 0x97 0x8F 0x8E 0x9A 0x99 0x96 0x94 0x98 0x9B 0x97
 0x8F 0x8E 0x9A 0x99 0x96 0x94 0x98 0x9B 0x97 0x8F 0x8E 0x9A 0x99 0x96 0x94 0x98
 0x9B 0x97 0x8F 0x8E 0x9A 0x99 0x96 0x94 0x98 0x9B 0x97 0x8F 0x8E 0x9A 0x99 0x96
 0x94 0x98 0x9B 0x97 0x8F 0x8E 0x9A 0x99 0x96 0x94 0x98 0x9B 0x97 0x8F 0x8E 0x9A
 0x99 0x96 0x94 0x98 0x9B 0x97 0x8F 0x8E 0x9A

Par mais frequente: '<0x8E><0x9A>' frequencia 17
Substituindo par por 0x9C
Apos substituir:
 0x99 0x96 0x94 0x98 0x9B 0x97 0x8F 0x9C 0x99 0x96 0x94 0x98 0x9B 0x97 0x8F 0x9C
 0x99 0x96 0x94 0x98 0x9B 0x97 0x8F 0x9C 0x99 0x96 0x94 0x98 0x9B 0x97 0x8F 0x9C
 0x99 0x96 0x94 0x98 0x9B 0x97 0x8F 0x9C 0x99 0x96 0x94 0x98 0x9B 0x97 0x8F 0x9C
 0x99 0x96 0x94 0x98 0x9B 0x97 0x8F 0x9C 0x99 0x96 0x94 0x98 0x9B 0x97 0x8F 0x9C
 0x99 0x96 0x94 0x98 0x9B 0x97 0x8F 0x9C 0x99 0x96 0x94 0x98 0x9B 0x97 0x8F 0x9C
 0x99 0x96 0x94 0x98 0x9B 0x97 0x8F 0x9C 0x99 0x96 0x94 0x98 0x9B 0x97 0x8F 0x9C
 0x99 0x96 0x94 0x98 0x9B 0x97 0x8F 0x9C 0x99 0x96 0x94 0x98 0x9B 0x97 0x8F 0x9C
 0x99 0x96 0x94 0x98 0x9B 0x97 0x8F 0x9C 0x99 0x96 0x94 0x98 0x9B 0x97 0x8F 0x9C
 0x99 0x96 0x94 0x98 0x9B 0x97 0x8F 0x9C

Par mais frequente: '<0x8F><0x9C>' frequencia 17
Substituindo par por 0x9D
Apos substituir:
 0x99 0x96 0x94 0x98 0x9B 0x97 0x9D 0x99 0x96 0x94 0x98 0x9B 0x97 0x9D 0x99 0x96
 0x94 0x98 0x9B 0x97 0x9D 0x99 0x96 0x94 0x98 0x9B 0x97 0x9D 0x99 0x96 0x94 0x98
 0x9B 0x97 0x9D 0x99 0x96 0x94 0x98 0x9B 0x97 0x9D 0x99 0x96 0x94 0x98 0x9B 0x97
 0x9D 0x99 0x96 0x94 0x98 0x9B 0x97 0x9D 0x99 0x96 0x94 0x98 0x9B 0x97 0x9D 0x99
 0x96 0x94 0x98 0x9B 0x97 0x9D 0x99 0x96 0x94 0x98 0x9B 0x97 0x9D 0x99 0x96 0x94
 0x98 0x9B 0x97 0x9D 0x99 0x96 0x94 0x98 0x9B 0x97 0x9D 0x99 0x96 0x94 0x98 0x9B
 0x97 0x9D 0x99 0x96 0x94 0x98 0x9B 0x97 0x9D 0x99 0x96 0x94 0x98 0x9B 0x97 0x9D
 0x99 0x96 0x94 0x98 0x9B 0x97 0x9D

Par mais frequente: '<0x94><0x98>' frequencia 17
Substituindo par por 0x9E
Apos substituir:
 0x99 0x96 0x9E 0x9B 0x97 0x9D 0x99 0x96 0x9E 0x9B 0x97 0x9D 0x99 0x96 0x9E 0x9B
 0x97 0x9D 0x99 0x96 0x9E 0x9B 0x97 0x9D 0x99 0x96 0x9E 0x9B 0x97 0x9D 0x99 0x96
 0x9E 0x9B 0x97 0x9D 0x99 0x96 0x9E 0x9B 0x97 0x9D 0x99 0x96 0x9E 0x9B 0x97 0x9D
 0x99 0x96 0x9E 0x9B 0x97 0x9D 0x99 0x96 0x9E 0x9B 0x97 0x9D 0x99 0x96 0x9E 0x9B
 0x97 0x9D 0x99 0x96 0x9E 0x9B 0x97 0x9D 0x99 0x96 0x9E 0x9B 0x97 0x9D 0x99 0x96
 0x9E 0x9B 0x97 0x9D 0x99 0x96 0x9E 0x9B 0x97 0x9D 0x99 0x96 0x9E 0x9B 0x97 0x9D
 0x99 0x96 0x9E 0x9B 0x97 0x9D

Par mais frequente: '<0x96><0x9E>' frequencia 17
Substituindo par por 0x9F
Apos substituir:
 0x99 0x9F 0x9B 0x97 0x9D 0x99 0x9F 0x9B 0x97 0x9D 0x99 0x9F 0x9B 0x97 0x9D 0x99
 0x9F 0x9B 0x97 0x9D 0x99 0x9F 0x9B 0x97 0x9D 0x99 0x9F 0x9B 0x97 0x9D 0x99 0x9F
 0x9B 0x97 0x9D 0x99 0x9F 0x9B 0x97 0x9D 0x99 0x9F 0x9B 0x97 0x9D 0x99 0x9F 0x9B
 0x97 0x9D 0x99 0x9F 0x9B 0x97 0x9D 0x99 0x9F 0x9B 0x97 0x9D 0x99 0x9F 0x9B 0x97
 0x9D 0x99 0x9F 0x9B 0x97 0x9D 0x99 0x9F 0x9B 0x97 0x9D 0x99 0x9F 0x9B 0x97 0x9D
 0x99 0x9F 0x9B 0x97 0x9D

Par mais frequente: '<0x97><0x9D>' frequencia 17
Substituindo par por 0xA0
Apos substituir:
 0x99 0x9F 0x9B 0xA0 0x99 0x9F 0x9B 0xA0 0x99 0x9F 0x9B 0xA0 0x99 0x9F 0x9B 0xA0
 0x99 0x9F 0x9B 0xA0 0x99 0x9F 0x9B 0xA0 0x99 0x9F 0x9B 0xA0 0x99 0x9F 0x9B 0xA0
 0x99 0x9F 0x9B 0xA0 0x99 0x9F 0x9B 0xA0 0x99 0x9F 0x9B 0xA0 0x99 0x9F 0x9B 0xA0
 0x99 0x9F 0x9B 0xA0 0x99 0x9F 0x9B 0xA0 0x99 0x9F 0x9B 0xA0 0x99 0x9F 0x9B 0xA0
 0x99 0x9F 0x9B 0xA0

Par mais frequente: '<0x99><0x9F>' frequencia 17
Substituindo par por 0xA1
Apos substituir:
 0xA1 0x9B 0xA0 0xA1 0x9B 0xA0 0xA1 0x9B 0xA0 0xA1 0x9B 0xA0 0xA1 0x9B 0xA0 0xA1
 0x9B 0xA0 0xA1 0x9B 0xA0 0xA1 0x9B 0xA0 0xA1 0x9B 0xA0 0xA1 0x9B 0xA0 0xA1 0x9B
 0xA0 0xA1 0x9B 0xA0 0xA1 0x9B 0xA0 0xA1 0x9B 0xA0 0xA1 0x9B 0xA0 0xA1 0x9B 0xA0
 0xA1 0x9B 0xA0

Par mais frequente: '<0x9B><0xA0>' frequencia 17
Substituindo par por 0xA2
Apos substituir:
 0xA1 0xA2 0xA1 0xA2 0xA1 0xA2 0xA1 0xA2 0xA1 0xA2 0xA1 0xA2 0xA1 0xA2 0xA1 0xA2
 0xA1 0xA2 0xA1 0xA2 0xA1 0xA2 0xA1 0xA2 0xA1 0xA2 0xA1 0xA2 0xA1 0xA2 0xA1 0xA2
 0xA1 0xA2

Par mais frequente: '<0xA1><0xA2>' frequencia 17
Substituindo par por 0xA3
Apos substituir:
 0xA3 0xA3 0xA3 0xA3 0xA3 0xA3 0xA3 0xA3 0xA3 0xA3 0xA3 0xA3 0xA3 0xA3 0xA3 0xA3
 0xA3

Par mais frequente: '<0xA3><0xA3>' frequencia 8
Substituindo par por 0xA4
Apos substituir:
 0xA4 0xA4 0xA4 0xA4 0xA4 0xA4 0xA4 0xA4 0xA3

Par mais frequente: '<0xA4><0xA4>' frequencia 4
Substituindo par por 0xA5
Apos substituir:
 0xA5 0xA5 0xA5 0xA5 0xA3

Par mais frequente: '<0xA5><0xA5>' frequencia 2
Substituindo par por 0xA6
Apos substituir:
 0xA6 0xA6 0xA3

Par mais frequente: '<0xA6><0xA6>' frequencia 1
Total de pares substituidos: 39
FIM
